<?xml version="1.0" encoding="UTF-8"?>
<testsuite name="com.dshatz.pdfmp.PackTests" tests="3" skipped="0" failures="0" errors="0" timestamp="2026-04-10T23:17:20.833Z" hostname="Daniel-FW" time="0.015">
  <properties/>
  <testcase name="pack page transform[linuxX64]" classname="com.dshatz.pdfmp.PackTests" time="0.001"/>
  <testcase name="pack render request[linuxX64]" classname="com.dshatz.pdfmp.PackTests" time="0.001"/>
  <testcase name="pack failure throwing[linuxX64]" classname="com.dshatz.pdfmp.PackTests" time="0.013"/>
  <system-out><![CDATA[]]></system-out>
  <system-err><![CDATA[]]></system-err>
</testsuite>
