<?xml version="1.0" encoding="UTF-8"?>
<testsuite name="TestSession ↘ @Default ↘ rendererTests" tests="4" skipped="0" failures="4" errors="0" timestamp="2026-04-11T13:09:00.201Z" hostname="Daniel-FW" time="0.086">
  <properties/>
  <testcase name="get page count[jvm]" classname="com.dshatz.pdfmp.rendererTests" time="0.059">
    <failure message="java.lang.UnsatisfiedLinkError: 'byte[] com.dshatz.pdfmp.PDFBridge.createNativeRenderer(byte[])'" type="java.lang.UnsatisfiedLinkError">java.lang.UnsatisfiedLinkError: 'byte[] com.dshatz.pdfmp.PDFBridge.createNativeRenderer(byte[])'
	at com.dshatz.pdfmp.PDFBridge.createNativeRenderer(Native Method)
	at com.dshatz.pdfmp.PdfRendererFactory.createFromSource-gIAlu-s(PdfRenderer.consumerJni.kt:42)
	at com.dshatz.pdfmp.RendererTestKt.initWithSamplePdf(RendererTest.kt:128)
	at com.dshatz.pdfmp.RendererTestKt.access$initWithSamplePdf(RendererTest.kt:1)
	at com.dshatz.pdfmp.RendererTestKt$rendererTests$2$2$1.invokeSuspend(RendererTest.kt:19)
	at com.dshatz.pdfmp.RendererTestKt$rendererTests$2$2$1.invoke(RendererTest.kt)
	at com.dshatz.pdfmp.RendererTestKt$rendererTests$2$2$1.invoke(RendererTest.kt)
	at de.infix.testBalloon.framework.core.TestFixture$asContextForAll$1.invokeSuspend(TestFixture.kt:120)
	at de.infix.testBalloon.framework.core.TestFixture$asContextForAll$1.invoke(TestFixture.kt)
	at de.infix.testBalloon.framework.core.TestFixture$asContextForAll$1.invoke(TestFixture.kt)
	at de.infix.testBalloon.framework.core.TestFixture$Scope$test$1.invokeSuspend(TestFixture.kt:292)
	at de.infix.testBalloon.framework.core.TestFixture$Scope$test$1.invoke(TestFixture.kt)
	at de.infix.testBalloon.framework.core.TestFixture$Scope$test$1.invoke(TestFixture.kt)
	at de.infix.testBalloon.framework.core.Test$executeInTestScope$2.invokeSuspend(Test.kt:106)
	at de.infix.testBalloon.framework.core.Test$executeInTestScope$2.invoke(Test.kt)
	at de.infix.testBalloon.framework.core.Test$executeInTestScope$2.invoke(Test.kt)
	at de.infix.testBalloon.framework.core.internal.TestFramework_jvmKt$runTestAwaitingCompletion$2.invokeSuspend(TestFramework.jvm.kt:34)
	at de.infix.testBalloon.framework.core.internal.TestFramework_jvmKt$runTestAwaitingCompletion$2.invoke(TestFramework.jvm.kt)
	at de.infix.testBalloon.framework.core.internal.TestFramework_jvmKt$runTestAwaitingCompletion$2.invoke(TestFramework.jvm.kt)
	at kotlinx.coroutines.test.TestBuildersKt__TestBuildersKt$runTest$2$1$1.invokeSuspend(TestBuilders.kt:317)
	at kotlin.coroutines.jvm.internal.BaseContinuationImpl.resumeWith(ContinuationImpl.kt:34)
	at kotlinx.coroutines.DispatchedTask.run(DispatchedTask.kt:100)
	at kotlinx.coroutines.test.TestDispatcher.processEvent$kotlinx_coroutines_test(TestDispatcher.kt:24)
	at kotlinx.coroutines.test.TestCoroutineScheduler.tryRunNextTaskUnless$kotlinx_coroutines_test(TestCoroutineScheduler.kt:99)
	at kotlinx.coroutines.test.TestBuildersKt__TestBuildersKt$runTest$2$1$workRunner$1.invokeSuspend(TestBuilders.kt:326)
	at kotlin.coroutines.jvm.internal.BaseContinuationImpl.resumeWith(ContinuationImpl.kt:34)
	at kotlinx.coroutines.DispatchedTask.run(DispatchedTask.kt:100)
	at kotlinx.coroutines.EventLoopImplBase.processNextEvent(EventLoop.common.kt:263)
	at kotlinx.coroutines.BlockingCoroutine.joinBlocking(Builders.kt:94)
	at kotlinx.coroutines.BuildersKt__BuildersKt.runBlocking(Builders.kt:70)
	at kotlinx.coroutines.BuildersKt.runBlocking(Unknown Source)
	at kotlinx.coroutines.BuildersKt__BuildersKt.runBlocking$default(Builders.kt:48)
	at kotlinx.coroutines.BuildersKt.runBlocking$default(Unknown Source)
	at kotlinx.coroutines.test.TestBuildersJvmKt.createTestResult(TestBuildersJvm.kt:10)
	at kotlinx.coroutines.test.TestBuildersKt__TestBuildersKt.runTest-8Mi8wO0(TestBuilders.kt:309)
	at kotlinx.coroutines.test.TestBuildersKt.runTest-8Mi8wO0(Unknown Source)
	at de.infix.testBalloon.framework.core.internal.TestFramework_jvmKt.runTestAwaitingCompletion-dWUq8MI(TestFramework.jvm.kt:34)
	at de.infix.testBalloon.framework.core.Test.executeInTestScope(Test.kt:100)
	at de.infix.testBalloon.framework.core.Test.access$executeInTestScope(Test.kt:24)
	at de.infix.testBalloon.framework.core.Test$execute$2$1.invokeSuspend(Test.kt:83)
	at de.infix.testBalloon.framework.core.Test$execute$2$1.invoke(Test.kt)
	at de.infix.testBalloon.framework.core.Test$execute$2$1.invoke(Test.kt)
	at de.infix.testBalloon.framework.core.TestConfig$executeWrapped$invocationGuardingAction$1.invokeSuspend(TestConfig.kt:117)
	at de.infix.testBalloon.framework.core.TestConfig$executeWrapped$invocationGuardingAction$1.invoke(TestConfig.kt)
	at de.infix.testBalloon.framework.core.TestConfig$executeWrapped$invocationGuardingAction$1.invoke(TestConfig.kt)
	at de.infix.testBalloon.framework.core.TestConfig.executeWrapped$testBalloon_framework_core(TestConfig.kt:687)
	at de.infix.testBalloon.framework.core.Test$execute$2.invokeSuspend(Test.kt:69)
	at de.infix.testBalloon.framework.core.Test$execute$2.invoke(Test.kt)
	at de.infix.testBalloon.framework.core.Test$execute$2.invoke(Test.kt)
	at de.infix.testBalloon.framework.core.TestElement$executeReporting$2.invokeSuspend(TestElement.kt:405)
	at de.infix.testBalloon.framework.core.TestElement$executeReporting$2.invoke(TestElement.kt)
	at de.infix.testBalloon.framework.core.TestElement$executeReporting$2.invoke(TestElement.kt)
	at de.infix.testBalloon.framework.core.TestConfig.withExecutionReportSetup$testBalloon_framework_core(TestConfig.kt:145)
	at de.infix.testBalloon.framework.core.TestElement.executeReporting$testBalloon_framework_core(TestElement.kt:392)
	at de.infix.testBalloon.framework.core.Test.execute$testBalloon_framework_core(Test.kt:66)
	at de.infix.testBalloon.framework.core.TestSuite$execute$2$1$1.invokeSuspend(TestSuite.kt:253)
	at de.infix.testBalloon.framework.core.TestSuite$execute$2$1$1.invoke(TestSuite.kt)
	at de.infix.testBalloon.framework.core.TestSuite$execute$2$1$1.invoke(TestSuite.kt)
	at kotlinx.coroutines.intrinsics.UndispatchedKt.startUndspatched(Undispatched.kt:66)
	at kotlinx.coroutines.intrinsics.UndispatchedKt.startUndispatchedOrReturn(Undispatched.kt:43)
	at kotlinx.coroutines.CoroutineScopeKt.coroutineScope(CoroutineScope.kt:286)
	at de.infix.testBalloon.framework.core.TestSuite$execute$2$1.invokeSuspend(TestSuite.kt:249)
	at de.infix.testBalloon.framework.core.TestSuite$execute$2$1.invoke(TestSuite.kt)
	at de.infix.testBalloon.framework.core.TestSuite$execute$2$1.invoke(TestSuite.kt)
	at de.infix.testBalloon.framework.core.TestConfig$executeWrapped$invocationGuardingAction$1.invokeSuspend(TestConfig.kt:117)
	at de.infix.testBalloon.framework.core.TestConfig$executeWrapped$invocationGuardingAction$1.invoke(TestConfig.kt)
	at de.infix.testBalloon.framework.core.TestConfig$executeWrapped$invocationGuardingAction$1.invoke(TestConfig.kt)
	at de.infix.testBalloon.framework.core.TestConfig$executeWrapped$$inlined$wrapIfNotNull$1.invokeSuspend(TestConfig.kt:466)
	at de.infix.testBalloon.framework.core.TestConfig$executeWrapped$$inlined$wrapIfNotNull$1.invoke(TestConfig.kt)
	at de.infix.testBalloon.framework.core.TestConfig$executeWrapped$$inlined$wrapIfNotNull$1.invoke(TestConfig.kt)
	at de.infix.testBalloon.framework.core.TestSuite$suiteLifecycleAction$1.invokeSuspend(TestSuite.kt:301)
	at de.infix.testBalloon.framework.core.TestSuite$suiteLifecycleAction$1.invoke(TestSuite.kt)
	at de.infix.testBalloon.framework.core.TestSuite$suiteLifecycleAction$1.invoke(TestSuite.kt)
	at de.infix.testBalloon.framework.core.TestConfig.executeWrapped$testBalloon_framework_core(TestConfig.kt:683)
	at de.infix.testBalloon.framework.core.TestSuite$execute$2.invokeSuspend(TestSuite.kt:242)
	at de.infix.testBalloon.framework.core.TestSuite$execute$2.invoke(TestSuite.kt)
	at de.infix.testBalloon.framework.core.TestSuite$execute$2.invoke(TestSuite.kt)
	at de.infix.testBalloon.framework.core.TestElement$executeReporting$2.invokeSuspend(TestElement.kt:405)
	at de.infix.testBalloon.framework.core.TestElement$executeReporting$2.invoke(TestElement.kt)
	at de.infix.testBalloon.framework.core.TestElement$executeReporting$2.invoke(TestElement.kt)
	at de.infix.testBalloon.framework.core.TestConfig.withExecutionReportSetup$testBalloon_framework_core(TestConfig.kt:145)
	at de.infix.testBalloon.framework.core.TestElement.executeReporting$testBalloon_framework_core(TestElement.kt:392)
	at de.infix.testBalloon.framework.core.TestSuite.execute$suspendImpl(TestSuite.kt:239)
	at de.infix.testBalloon.framework.core.TestSuite.execute$testBalloon_framework_core(TestSuite.kt)
	at de.infix.testBalloon.framework.core.TestSuite$execute$2$1$1.invokeSuspend(TestSuite.kt:253)
	at de.infix.testBalloon.framework.core.TestSuite$execute$2$1$1.invoke(TestSuite.kt)
	at de.infix.testBalloon.framework.core.TestSuite$execute$2$1$1.invoke(TestSuite.kt)
	at kotlinx.coroutines.intrinsics.UndispatchedKt.startUndspatched(Undispatched.kt:66)
	at kotlinx.coroutines.intrinsics.UndispatchedKt.startUndispatchedOrReturn(Undispatched.kt:43)
	at kotlinx.coroutines.CoroutineScopeKt.coroutineScope(CoroutineScope.kt:286)
	at de.infix.testBalloon.framework.core.TestSuite$execute$2$1.invokeSuspend(TestSuite.kt:249)
	at de.infix.testBalloon.framework.core.TestSuite$execute$2$1.invoke(TestSuite.kt)
	at de.infix.testBalloon.framework.core.TestSuite$execute$2$1.invoke(TestSuite.kt)
	at de.infix.testBalloon.framework.core.TestConfig$executeWrapped$invocationGuardingAction$1.invokeSuspend(TestConfig.kt:117)
	at de.infix.testBalloon.framework.core.TestConfig$executeWrapped$invocationGuardingAction$1.invoke(TestConfig.kt)
	at de.infix.testBalloon.framework.core.TestConfig$executeWrapped$invocationGuardingAction$1.invoke(TestConfig.kt)
	at de.infix.testBalloon.framework.core.TestConfig$executeWrapped$$inlined$wrapIfNotNull$1.invokeSuspend(TestConfig.kt:466)
	at de.infix.testBalloon.framework.core.TestConfig$executeWrapped$$inlined$wrapIfNotNull$1.invoke(TestConfig.kt)
	at de.infix.testBalloon.framework.core.TestConfig$executeWrapped$$inlined$wrapIfNotNull$1.invoke(TestConfig.kt)
	at de.infix.testBalloon.framework.core.TestSuite$suiteLifecycleAction$1.invokeSuspend(TestSuite.kt:301)
	at de.infix.testBalloon.framework.core.TestSuite$suiteLifecycleAction$1.invoke(TestSuite.kt)
	at de.infix.testBalloon.framework.core.TestSuite$suiteLifecycleAction$1.invoke(TestSuite.kt)
	at de.infix.testBalloon.framework.core.TestConfig.executeWrapped$testBalloon_framework_core(TestConfig.kt:683)
	at de.infix.testBalloon.framework.core.TestSuite$execute$2.invokeSuspend(TestSuite.kt:242)
	at de.infix.testBalloon.framework.core.TestSuite$execute$2.invoke(TestSuite.kt)
	at de.infix.testBalloon.framework.core.TestSuite$execute$2.invoke(TestSuite.kt)
	at de.infix.testBalloon.framework.core.TestElement$executeReporting$2.invokeSuspend(TestElement.kt:405)
	at de.infix.testBalloon.framework.core.TestElement$executeReporting$2.invoke(TestElement.kt)
	at de.infix.testBalloon.framework.core.TestElement$executeReporting$2.invoke(TestElement.kt)
	at de.infix.testBalloon.framework.core.TestConfig.withExecutionReportSetup$testBalloon_framework_core(TestConfig.kt:145)
	at de.infix.testBalloon.framework.core.TestElement.executeReporting$testBalloon_framework_core(TestElement.kt:392)
	at de.infix.testBalloon.framework.core.TestSuite.execute$suspendImpl(TestSuite.kt:239)
	at de.infix.testBalloon.framework.core.TestSuite.execute$testBalloon_framework_core(TestSuite.kt)
	at de.infix.testBalloon.framework.core.TestSuite$execute$2$1$1.invokeSuspend(TestSuite.kt:253)
	at de.infix.testBalloon.framework.core.TestSuite$execute$2$1$1.invoke(TestSuite.kt)
	at de.infix.testBalloon.framework.core.TestSuite$execute$2$1$1.invoke(TestSuite.kt)
	at kotlinx.coroutines.intrinsics.UndispatchedKt.startUndspatched(Undispatched.kt:66)
	at kotlinx.coroutines.intrinsics.UndispatchedKt.startUndispatchedOrReturn(Undispatched.kt:43)
	at kotlinx.coroutines.CoroutineScopeKt.coroutineScope(CoroutineScope.kt:286)
	at de.infix.testBalloon.framework.core.TestSuite$execute$2$1.invokeSuspend(TestSuite.kt:249)
	at de.infix.testBalloon.framework.core.TestSuite$execute$2$1.invoke(TestSuite.kt)
	at de.infix.testBalloon.framework.core.TestSuite$execute$2$1.invoke(TestSuite.kt)
	at de.infix.testBalloon.framework.core.TestConfig$executeWrapped$invocationGuardingAction$1.invokeSuspend(TestConfig.kt:117)
	at de.infix.testBalloon.framework.core.TestConfig$executeWrapped$invocationGuardingAction$1.invoke(TestConfig.kt)
	at de.infix.testBalloon.framework.core.TestConfig$executeWrapped$invocationGuardingAction$1.invoke(TestConfig.kt)
	at de.infix.testBalloon.framework.core.TestConfig$executeWrapped$$inlined$wrapIfNotNull$1.invokeSuspend(TestConfig.kt:466)
	at de.infix.testBalloon.framework.core.TestConfig$executeWrapped$$inlined$wrapIfNotNull$1.invoke(TestConfig.kt)
	at de.infix.testBalloon.framework.core.TestConfig$executeWrapped$$inlined$wrapIfNotNull$1.invoke(TestConfig.kt)
	at de.infix.testBalloon.framework.core.TestSuite$suiteLifecycleAction$1.invokeSuspend(TestSuite.kt:301)
	at de.infix.testBalloon.framework.core.TestSuite$suiteLifecycleAction$1.invoke(TestSuite.kt)
	at de.infix.testBalloon.framework.core.TestSuite$suiteLifecycleAction$1.invoke(TestSuite.kt)
	at de.infix.testBalloon.framework.core.TestConfig$executionWrapping$1$1.invokeSuspend(TestConfig.kt:68)
	at de.infix.testBalloon.framework.core.TestConfig$executionWrapping$1$1.invoke(TestConfig.kt)
	at de.infix.testBalloon.framework.core.TestConfig$executionWrapping$1$1.invoke(TestConfig.kt)
	at de.infix.testBalloon.framework.core.TestConfigKt$testScope$1$2.invokeSuspend(TestConfig.kt:578)
	at de.infix.testBalloon.framework.core.TestConfigKt$testScope$1$2.invoke(TestConfig.kt)
	at de.infix.testBalloon.framework.core.TestConfigKt$testScope$1$2.invoke(TestConfig.kt)
	at kotlinx.coroutines.intrinsics.UndispatchedKt.startUndspatched(Undispatched.kt:66)
	at kotlinx.coroutines.intrinsics.UndispatchedKt.startUndispatchedOrReturn(Undispatched.kt:43)
	at kotlinx.coroutines.BuildersKt__Builders_commonKt.withContext(Builders.common.kt:165)
	at kotlinx.coroutines.BuildersKt.withContext(Unknown Source)
	at de.infix.testBalloon.framework.core.TestConfigKt$testScope$1.invokeSuspend(TestConfig.kt:577)
	at de.infix.testBalloon.framework.core.TestConfigKt$testScope$1.invoke(TestConfig.kt)
	at de.infix.testBalloon.framework.core.TestConfigKt$testScope$1.invoke(TestConfig.kt)
	at de.infix.testBalloon.framework.core.TestConfig$executionWrapping$1$1.invokeSuspend(TestConfig.kt:68)
	at de.infix.testBalloon.framework.core.TestConfig$executionWrapping$1$1.invoke(TestConfig.kt)
	at de.infix.testBalloon.framework.core.TestConfig$executionWrapping$1$1.invoke(TestConfig.kt)
	at de.infix.testBalloon.framework.core.TestConfigKt$coroutineContext$1$1.invokeSuspend(TestConfig.kt:274)
	at de.infix.testBalloon.framework.core.TestConfigKt$coroutineContext$1$1.invoke(TestConfig.kt)
	at de.infix.testBalloon.framework.core.TestConfigKt$coroutineContext$1$1.invoke(TestConfig.kt)
	at kotlinx.coroutines.intrinsics.UndispatchedKt.startUndspatched(Undispatched.kt:66)
	at kotlinx.coroutines.intrinsics.UndispatchedKt.startUndispatchedOrReturn(Undispatched.kt:43)
	at kotlinx.coroutines.BuildersKt__Builders_commonKt.withContext(Builders.common.kt:165)
	at kotlinx.coroutines.BuildersKt.withContext(Unknown Source)
	at de.infix.testBalloon.framework.core.TestConfigKt$coroutineContext$1.invokeSuspend(TestConfig.kt:273)
	at de.infix.testBalloon.framework.core.TestConfigKt$coroutineContext$1.invoke(TestConfig.kt)
	at de.infix.testBalloon.framework.core.TestConfigKt$coroutineContext$1.invoke(TestConfig.kt)
	at de.infix.testBalloon.framework.core.TestConfig$executionWrapping$1$1.invokeSuspend(TestConfig.kt:68)
	at de.infix.testBalloon.framework.core.TestConfig$executionWrapping$1$1.invoke(TestConfig.kt)
	at de.infix.testBalloon.framework.core.TestConfig$executionWrapping$1$1.invoke(TestConfig.kt)
	at de.infix.testBalloon.framework.core.TestConfigKt$coroutineContext$1$1.invokeSuspend(TestConfig.kt:274)
	at de.infix.testBalloon.framework.core.TestConfigKt$coroutineContext$1$1.invoke(TestConfig.kt)
	at de.infix.testBalloon.framework.core.TestConfigKt$coroutineContext$1$1.invoke(TestConfig.kt)
	at kotlinx.coroutines.intrinsics.UndispatchedKt.startUndspatched(Undispatched.kt:66)
	at kotlinx.coroutines.intrinsics.UndispatchedKt.startUndispatchedOrReturn(Undispatched.kt:43)
	at kotlinx.coroutines.BuildersKt__Builders_commonKt.withContext(Builders.common.kt:165)
	at kotlinx.coroutines.BuildersKt.withContext(Unknown Source)
	at de.infix.testBalloon.framework.core.TestConfigKt$coroutineContext$1.invokeSuspend(TestConfig.kt:273)
	at de.infix.testBalloon.framework.core.TestConfigKt$coroutineContext$1.invoke(TestConfig.kt)
	at de.infix.testBalloon.framework.core.TestConfigKt$coroutineContext$1.invoke(TestConfig.kt)
	at de.infix.testBalloon.framework.core.TestConfig$executionWrapping$1.invokeSuspend(TestConfig.kt:67)
	at de.infix.testBalloon.framework.core.TestConfig$executionWrapping$1.invoke(TestConfig.kt)
	at de.infix.testBalloon.framework.core.TestConfig$executionWrapping$1.invoke(TestConfig.kt)
	at de.infix.testBalloon.framework.core.TestConfig$executionWrapping$1.invokeSuspend(TestConfig.kt:67)
	at de.infix.testBalloon.framework.core.TestConfig$executionWrapping$1.invoke(TestConfig.kt)
	at de.infix.testBalloon.framework.core.TestConfig$executionWrapping$1.invoke(TestConfig.kt)
	at de.infix.testBalloon.framework.core.TestConfig$executionWrapping$1.invokeSuspend(TestConfig.kt:67)
	at de.infix.testBalloon.framework.core.TestConfig$executionWrapping$1.invoke(TestConfig.kt)
	at de.infix.testBalloon.framework.core.TestConfig$executionWrapping$1.invoke(TestConfig.kt)
	at de.infix.testBalloon.framework.core.TestConfig.executeWrapped$testBalloon_framework_core(TestConfig.kt:683)
	at de.infix.testBalloon.framework.core.TestSuite$execute$2.invokeSuspend(TestSuite.kt:242)
	at de.infix.testBalloon.framework.core.TestSuite$execute$2.invoke(TestSuite.kt)
	at de.infix.testBalloon.framework.core.TestSuite$execute$2.invoke(TestSuite.kt)
	at de.infix.testBalloon.framework.core.TestElement$executeReporting$2.invokeSuspend(TestElement.kt:405)
	at de.infix.testBalloon.framework.core.TestElement$executeReporting$2.invoke(TestElement.kt)
	at de.infix.testBalloon.framework.core.TestElement$executeReporting$2.invoke(TestElement.kt)
	at de.infix.testBalloon.framework.core.TestConfig.withExecutionReportSetup$testBalloon_framework_core(TestConfig.kt:145)
	at de.infix.testBalloon.framework.core.TestElement.executeReporting$testBalloon_framework_core(TestElement.kt:392)
	at de.infix.testBalloon.framework.core.TestSuite.execute$suspendImpl(TestSuite.kt:239)
	at de.infix.testBalloon.framework.core.TestSuite.execute$testBalloon_framework_core(TestSuite.kt)
	at de.infix.testBalloon.framework.core.internal.integration.TestBalloonJUnitPlatformTestEngine$execute$1.invokeSuspend(TestBalloonJUnitPlatformTestEngine.kt:170)
	at kotlin.coroutines.jvm.internal.BaseContinuationImpl.resumeWith(ContinuationImpl.kt:34)
	at kotlinx.coroutines.DispatchedTask.run(DispatchedTask.kt:100)
	at kotlinx.coroutines.scheduling.CoroutineScheduler.runSafely(CoroutineScheduler.kt:586)
	at kotlinx.coroutines.scheduling.CoroutineScheduler$Worker.executeTask(CoroutineScheduler.kt:829)
	at kotlinx.coroutines.scheduling.CoroutineScheduler$Worker.runWorker(CoroutineScheduler.kt:717)
	at kotlinx.coroutines.scheduling.CoroutineScheduler$Worker.run(CoroutineScheduler.kt:704)
</failure>
  </testcase>
  <testcase name="get page ratios[jvm]" classname="com.dshatz.pdfmp.rendererTests" time="0.014">
    <failure message="java.lang.UnsatisfiedLinkError: 'byte[] com.dshatz.pdfmp.PDFBridge.createNativeRenderer(byte[])'" type="java.lang.UnsatisfiedLinkError">java.lang.UnsatisfiedLinkError: 'byte[] com.dshatz.pdfmp.PDFBridge.createNativeRenderer(byte[])'
	at com.dshatz.pdfmp.PDFBridge.createNativeRenderer(Native Method)
	at com.dshatz.pdfmp.PdfRendererFactory.createFromSource-gIAlu-s(PdfRenderer.consumerJni.kt:42)
	at com.dshatz.pdfmp.RendererTestKt.initWithSamplePdf(RendererTest.kt:128)
	at com.dshatz.pdfmp.RendererTestKt.access$initWithSamplePdf(RendererTest.kt:1)
	at com.dshatz.pdfmp.RendererTestKt$rendererTests$2$2$2.invokeSuspend(RendererTest.kt:25)
	at com.dshatz.pdfmp.RendererTestKt$rendererTests$2$2$2.invoke(RendererTest.kt)
	at com.dshatz.pdfmp.RendererTestKt$rendererTests$2$2$2.invoke(RendererTest.kt)
	at de.infix.testBalloon.framework.core.TestFixture$asContextForAll$1.invokeSuspend(TestFixture.kt:120)
	at de.infix.testBalloon.framework.core.TestFixture$asContextForAll$1.invoke(TestFixture.kt)
	at de.infix.testBalloon.framework.core.TestFixture$asContextForAll$1.invoke(TestFixture.kt)
	at de.infix.testBalloon.framework.core.TestFixture$Scope$test$1.invokeSuspend(TestFixture.kt:292)
	at de.infix.testBalloon.framework.core.TestFixture$Scope$test$1.invoke(TestFixture.kt)
	at de.infix.testBalloon.framework.core.TestFixture$Scope$test$1.invoke(TestFixture.kt)
	at de.infix.testBalloon.framework.core.Test$executeInTestScope$2.invokeSuspend(Test.kt:106)
	at de.infix.testBalloon.framework.core.Test$executeInTestScope$2.invoke(Test.kt)
	at de.infix.testBalloon.framework.core.Test$executeInTestScope$2.invoke(Test.kt)
	at de.infix.testBalloon.framework.core.internal.TestFramework_jvmKt$runTestAwaitingCompletion$2.invokeSuspend(TestFramework.jvm.kt:34)
	at de.infix.testBalloon.framework.core.internal.TestFramework_jvmKt$runTestAwaitingCompletion$2.invoke(TestFramework.jvm.kt)
	at de.infix.testBalloon.framework.core.internal.TestFramework_jvmKt$runTestAwaitingCompletion$2.invoke(TestFramework.jvm.kt)
	at kotlinx.coroutines.test.TestBuildersKt__TestBuildersKt$runTest$2$1$1.invokeSuspend(TestBuilders.kt:317)
	at kotlin.coroutines.jvm.internal.BaseContinuationImpl.resumeWith(ContinuationImpl.kt:34)
	at kotlinx.coroutines.DispatchedTask.run(DispatchedTask.kt:100)
	at kotlinx.coroutines.test.TestDispatcher.processEvent$kotlinx_coroutines_test(TestDispatcher.kt:24)
	at kotlinx.coroutines.test.TestCoroutineScheduler.tryRunNextTaskUnless$kotlinx_coroutines_test(TestCoroutineScheduler.kt:99)
	at kotlinx.coroutines.test.TestBuildersKt__TestBuildersKt$runTest$2$1$workRunner$1.invokeSuspend(TestBuilders.kt:326)
	at kotlin.coroutines.jvm.internal.BaseContinuationImpl.resumeWith(ContinuationImpl.kt:34)
	at kotlinx.coroutines.DispatchedTask.run(DispatchedTask.kt:100)
	at kotlinx.coroutines.EventLoopImplBase.processNextEvent(EventLoop.common.kt:263)
	at kotlinx.coroutines.BlockingCoroutine.joinBlocking(Builders.kt:94)
	at kotlinx.coroutines.BuildersKt__BuildersKt.runBlocking(Builders.kt:70)
	at kotlinx.coroutines.BuildersKt.runBlocking(Unknown Source)
	at kotlinx.coroutines.BuildersKt__BuildersKt.runBlocking$default(Builders.kt:48)
	at kotlinx.coroutines.BuildersKt.runBlocking$default(Unknown Source)
	at kotlinx.coroutines.test.TestBuildersJvmKt.createTestResult(TestBuildersJvm.kt:10)
	at kotlinx.coroutines.test.TestBuildersKt__TestBuildersKt.runTest-8Mi8wO0(TestBuilders.kt:309)
	at kotlinx.coroutines.test.TestBuildersKt.runTest-8Mi8wO0(Unknown Source)
	at de.infix.testBalloon.framework.core.internal.TestFramework_jvmKt.runTestAwaitingCompletion-dWUq8MI(TestFramework.jvm.kt:34)
	at de.infix.testBalloon.framework.core.Test.executeInTestScope(Test.kt:100)
	at de.infix.testBalloon.framework.core.Test.access$executeInTestScope(Test.kt:24)
	at de.infix.testBalloon.framework.core.Test$execute$2$1.invokeSuspend(Test.kt:83)
	at de.infix.testBalloon.framework.core.Test$execute$2$1.invoke(Test.kt)
	at de.infix.testBalloon.framework.core.Test$execute$2$1.invoke(Test.kt)
	at de.infix.testBalloon.framework.core.TestConfig$executeWrapped$invocationGuardingAction$1.invokeSuspend(TestConfig.kt:117)
	at de.infix.testBalloon.framework.core.TestConfig$executeWrapped$invocationGuardingAction$1.invoke(TestConfig.kt)
	at de.infix.testBalloon.framework.core.TestConfig$executeWrapped$invocationGuardingAction$1.invoke(TestConfig.kt)
	at de.infix.testBalloon.framework.core.TestConfig.executeWrapped$testBalloon_framework_core(TestConfig.kt:687)
	at de.infix.testBalloon.framework.core.Test$execute$2.invokeSuspend(Test.kt:69)
	at de.infix.testBalloon.framework.core.Test$execute$2.invoke(Test.kt)
	at de.infix.testBalloon.framework.core.Test$execute$2.invoke(Test.kt)
	at de.infix.testBalloon.framework.core.TestElement$executeReporting$2.invokeSuspend(TestElement.kt:405)
	at de.infix.testBalloon.framework.core.TestElement$executeReporting$2.invoke(TestElement.kt)
	at de.infix.testBalloon.framework.core.TestElement$executeReporting$2.invoke(TestElement.kt)
	at de.infix.testBalloon.framework.core.TestConfig.withExecutionReportSetup$testBalloon_framework_core(TestConfig.kt:145)
	at de.infix.testBalloon.framework.core.TestElement.executeReporting$testBalloon_framework_core(TestElement.kt:392)
	at de.infix.testBalloon.framework.core.Test.execute$testBalloon_framework_core(Test.kt:66)
	at de.infix.testBalloon.framework.core.TestSuite$execute$2$1$1.invokeSuspend(TestSuite.kt:253)
	at de.infix.testBalloon.framework.core.TestSuite$execute$2$1$1.invoke(TestSuite.kt)
	at de.infix.testBalloon.framework.core.TestSuite$execute$2$1$1.invoke(TestSuite.kt)
	at kotlinx.coroutines.intrinsics.UndispatchedKt.startUndspatched(Undispatched.kt:66)
	at kotlinx.coroutines.intrinsics.UndispatchedKt.startUndispatchedOrReturn(Undispatched.kt:43)
	at kotlinx.coroutines.CoroutineScopeKt.coroutineScope(CoroutineScope.kt:286)
	at de.infix.testBalloon.framework.core.TestSuite$execute$2$1.invokeSuspend(TestSuite.kt:249)
	at de.infix.testBalloon.framework.core.TestSuite$execute$2$1.invoke(TestSuite.kt)
	at de.infix.testBalloon.framework.core.TestSuite$execute$2$1.invoke(TestSuite.kt)
	at de.infix.testBalloon.framework.core.TestConfig$executeWrapped$invocationGuardingAction$1.invokeSuspend(TestConfig.kt:117)
	at de.infix.testBalloon.framework.core.TestConfig$executeWrapped$invocationGuardingAction$1.invoke(TestConfig.kt)
	at de.infix.testBalloon.framework.core.TestConfig$executeWrapped$invocationGuardingAction$1.invoke(TestConfig.kt)
	at de.infix.testBalloon.framework.core.TestConfig$executeWrapped$$inlined$wrapIfNotNull$1.invokeSuspend(TestConfig.kt:466)
	at de.infix.testBalloon.framework.core.TestConfig$executeWrapped$$inlined$wrapIfNotNull$1.invoke(TestConfig.kt)
	at de.infix.testBalloon.framework.core.TestConfig$executeWrapped$$inlined$wrapIfNotNull$1.invoke(TestConfig.kt)
	at de.infix.testBalloon.framework.core.TestSuite$suiteLifecycleAction$1.invokeSuspend(TestSuite.kt:301)
	at de.infix.testBalloon.framework.core.TestSuite$suiteLifecycleAction$1.invoke(TestSuite.kt)
	at de.infix.testBalloon.framework.core.TestSuite$suiteLifecycleAction$1.invoke(TestSuite.kt)
	at de.infix.testBalloon.framework.core.TestConfig.executeWrapped$testBalloon_framework_core(TestConfig.kt:683)
	at de.infix.testBalloon.framework.core.TestSuite$execute$2.invokeSuspend(TestSuite.kt:242)
	at de.infix.testBalloon.framework.core.TestSuite$execute$2.invoke(TestSuite.kt)
	at de.infix.testBalloon.framework.core.TestSuite$execute$2.invoke(TestSuite.kt)
	at de.infix.testBalloon.framework.core.TestElement$executeReporting$2.invokeSuspend(TestElement.kt:405)
	at de.infix.testBalloon.framework.core.TestElement$executeReporting$2.invoke(TestElement.kt)
	at de.infix.testBalloon.framework.core.TestElement$executeReporting$2.invoke(TestElement.kt)
	at de.infix.testBalloon.framework.core.TestConfig.withExecutionReportSetup$testBalloon_framework_core(TestConfig.kt:145)
	at de.infix.testBalloon.framework.core.TestElement.executeReporting$testBalloon_framework_core(TestElement.kt:392)
	at de.infix.testBalloon.framework.core.TestSuite.execute$suspendImpl(TestSuite.kt:239)
	at de.infix.testBalloon.framework.core.TestSuite.execute$testBalloon_framework_core(TestSuite.kt)
	at de.infix.testBalloon.framework.core.TestSuite$execute$2$1$1.invokeSuspend(TestSuite.kt:253)
	at de.infix.testBalloon.framework.core.TestSuite$execute$2$1$1.invoke(TestSuite.kt)
	at de.infix.testBalloon.framework.core.TestSuite$execute$2$1$1.invoke(TestSuite.kt)
	at kotlinx.coroutines.intrinsics.UndispatchedKt.startUndspatched(Undispatched.kt:66)
	at kotlinx.coroutines.intrinsics.UndispatchedKt.startUndispatchedOrReturn(Undispatched.kt:43)
	at kotlinx.coroutines.CoroutineScopeKt.coroutineScope(CoroutineScope.kt:286)
	at de.infix.testBalloon.framework.core.TestSuite$execute$2$1.invokeSuspend(TestSuite.kt:249)
	at de.infix.testBalloon.framework.core.TestSuite$execute$2$1.invoke(TestSuite.kt)
	at de.infix.testBalloon.framework.core.TestSuite$execute$2$1.invoke(TestSuite.kt)
	at de.infix.testBalloon.framework.core.TestConfig$executeWrapped$invocationGuardingAction$1.invokeSuspend(TestConfig.kt:117)
	at de.infix.testBalloon.framework.core.TestConfig$executeWrapped$invocationGuardingAction$1.invoke(TestConfig.kt)
	at de.infix.testBalloon.framework.core.TestConfig$executeWrapped$invocationGuardingAction$1.invoke(TestConfig.kt)
	at de.infix.testBalloon.framework.core.TestConfig$executeWrapped$$inlined$wrapIfNotNull$1.invokeSuspend(TestConfig.kt:466)
	at de.infix.testBalloon.framework.core.TestConfig$executeWrapped$$inlined$wrapIfNotNull$1.invoke(TestConfig.kt)
	at de.infix.testBalloon.framework.core.TestConfig$executeWrapped$$inlined$wrapIfNotNull$1.invoke(TestConfig.kt)
	at de.infix.testBalloon.framework.core.TestSuite$suiteLifecycleAction$1.invokeSuspend(TestSuite.kt:301)
	at de.infix.testBalloon.framework.core.TestSuite$suiteLifecycleAction$1.invoke(TestSuite.kt)
	at de.infix.testBalloon.framework.core.TestSuite$suiteLifecycleAction$1.invoke(TestSuite.kt)
	at de.infix.testBalloon.framework.core.TestConfig.executeWrapped$testBalloon_framework_core(TestConfig.kt:683)
	at de.infix.testBalloon.framework.core.TestSuite$execute$2.invokeSuspend(TestSuite.kt:242)
	at de.infix.testBalloon.framework.core.TestSuite$execute$2.invoke(TestSuite.kt)
	at de.infix.testBalloon.framework.core.TestSuite$execute$2.invoke(TestSuite.kt)
	at de.infix.testBalloon.framework.core.TestElement$executeReporting$2.invokeSuspend(TestElement.kt:405)
	at de.infix.testBalloon.framework.core.TestElement$executeReporting$2.invoke(TestElement.kt)
	at de.infix.testBalloon.framework.core.TestElement$executeReporting$2.invoke(TestElement.kt)
	at de.infix.testBalloon.framework.core.TestConfig.withExecutionReportSetup$testBalloon_framework_core(TestConfig.kt:145)
	at de.infix.testBalloon.framework.core.TestElement.executeReporting$testBalloon_framework_core(TestElement.kt:392)
	at de.infix.testBalloon.framework.core.TestSuite.execute$suspendImpl(TestSuite.kt:239)
	at de.infix.testBalloon.framework.core.TestSuite.execute$testBalloon_framework_core(TestSuite.kt)
	at de.infix.testBalloon.framework.core.TestSuite$execute$2$1$1.invokeSuspend(TestSuite.kt:253)
	at de.infix.testBalloon.framework.core.TestSuite$execute$2$1$1.invoke(TestSuite.kt)
	at de.infix.testBalloon.framework.core.TestSuite$execute$2$1$1.invoke(TestSuite.kt)
	at kotlinx.coroutines.intrinsics.UndispatchedKt.startUndspatched(Undispatched.kt:66)
	at kotlinx.coroutines.intrinsics.UndispatchedKt.startUndispatchedOrReturn(Undispatched.kt:43)
	at kotlinx.coroutines.CoroutineScopeKt.coroutineScope(CoroutineScope.kt:286)
	at de.infix.testBalloon.framework.core.TestSuite$execute$2$1.invokeSuspend(TestSuite.kt:249)
	at de.infix.testBalloon.framework.core.TestSuite$execute$2$1.invoke(TestSuite.kt)
	at de.infix.testBalloon.framework.core.TestSuite$execute$2$1.invoke(TestSuite.kt)
	at de.infix.testBalloon.framework.core.TestConfig$executeWrapped$invocationGuardingAction$1.invokeSuspend(TestConfig.kt:117)
	at de.infix.testBalloon.framework.core.TestConfig$executeWrapped$invocationGuardingAction$1.invoke(TestConfig.kt)
	at de.infix.testBalloon.framework.core.TestConfig$executeWrapped$invocationGuardingAction$1.invoke(TestConfig.kt)
	at de.infix.testBalloon.framework.core.TestConfig$executeWrapped$$inlined$wrapIfNotNull$1.invokeSuspend(TestConfig.kt:466)
	at de.infix.testBalloon.framework.core.TestConfig$executeWrapped$$inlined$wrapIfNotNull$1.invoke(TestConfig.kt)
	at de.infix.testBalloon.framework.core.TestConfig$executeWrapped$$inlined$wrapIfNotNull$1.invoke(TestConfig.kt)
	at de.infix.testBalloon.framework.core.TestSuite$suiteLifecycleAction$1.invokeSuspend(TestSuite.kt:301)
	at de.infix.testBalloon.framework.core.TestSuite$suiteLifecycleAction$1.invoke(TestSuite.kt)
	at de.infix.testBalloon.framework.core.TestSuite$suiteLifecycleAction$1.invoke(TestSuite.kt)
	at de.infix.testBalloon.framework.core.TestConfig$executionWrapping$1$1.invokeSuspend(TestConfig.kt:68)
	at de.infix.testBalloon.framework.core.TestConfig$executionWrapping$1$1.invoke(TestConfig.kt)
	at de.infix.testBalloon.framework.core.TestConfig$executionWrapping$1$1.invoke(TestConfig.kt)
	at de.infix.testBalloon.framework.core.TestConfigKt$testScope$1$2.invokeSuspend(TestConfig.kt:578)
	at de.infix.testBalloon.framework.core.TestConfigKt$testScope$1$2.invoke(TestConfig.kt)
	at de.infix.testBalloon.framework.core.TestConfigKt$testScope$1$2.invoke(TestConfig.kt)
	at kotlinx.coroutines.intrinsics.UndispatchedKt.startUndspatched(Undispatched.kt:66)
	at kotlinx.coroutines.intrinsics.UndispatchedKt.startUndispatchedOrReturn(Undispatched.kt:43)
	at kotlinx.coroutines.BuildersKt__Builders_commonKt.withContext(Builders.common.kt:165)
	at kotlinx.coroutines.BuildersKt.withContext(Unknown Source)
	at de.infix.testBalloon.framework.core.TestConfigKt$testScope$1.invokeSuspend(TestConfig.kt:577)
	at de.infix.testBalloon.framework.core.TestConfigKt$testScope$1.invoke(TestConfig.kt)
	at de.infix.testBalloon.framework.core.TestConfigKt$testScope$1.invoke(TestConfig.kt)
	at de.infix.testBalloon.framework.core.TestConfig$executionWrapping$1$1.invokeSuspend(TestConfig.kt:68)
	at de.infix.testBalloon.framework.core.TestConfig$executionWrapping$1$1.invoke(TestConfig.kt)
	at de.infix.testBalloon.framework.core.TestConfig$executionWrapping$1$1.invoke(TestConfig.kt)
	at de.infix.testBalloon.framework.core.TestConfigKt$coroutineContext$1$1.invokeSuspend(TestConfig.kt:274)
	at de.infix.testBalloon.framework.core.TestConfigKt$coroutineContext$1$1.invoke(TestConfig.kt)
	at de.infix.testBalloon.framework.core.TestConfigKt$coroutineContext$1$1.invoke(TestConfig.kt)
	at kotlinx.coroutines.intrinsics.UndispatchedKt.startUndspatched(Undispatched.kt:66)
	at kotlinx.coroutines.intrinsics.UndispatchedKt.startUndispatchedOrReturn(Undispatched.kt:43)
	at kotlinx.coroutines.BuildersKt__Builders_commonKt.withContext(Builders.common.kt:165)
	at kotlinx.coroutines.BuildersKt.withContext(Unknown Source)
	at de.infix.testBalloon.framework.core.TestConfigKt$coroutineContext$1.invokeSuspend(TestConfig.kt:273)
	at de.infix.testBalloon.framework.core.TestConfigKt$coroutineContext$1.invoke(TestConfig.kt)
	at de.infix.testBalloon.framework.core.TestConfigKt$coroutineContext$1.invoke(TestConfig.kt)
	at de.infix.testBalloon.framework.core.TestConfig$executionWrapping$1$1.invokeSuspend(TestConfig.kt:68)
	at de.infix.testBalloon.framework.core.TestConfig$executionWrapping$1$1.invoke(TestConfig.kt)
	at de.infix.testBalloon.framework.core.TestConfig$executionWrapping$1$1.invoke(TestConfig.kt)
	at de.infix.testBalloon.framework.core.TestConfigKt$coroutineContext$1$1.invokeSuspend(TestConfig.kt:274)
	at de.infix.testBalloon.framework.core.TestConfigKt$coroutineContext$1$1.invoke(TestConfig.kt)
	at de.infix.testBalloon.framework.core.TestConfigKt$coroutineContext$1$1.invoke(TestConfig.kt)
	at kotlinx.coroutines.intrinsics.UndispatchedKt.startUndspatched(Undispatched.kt:66)
	at kotlinx.coroutines.intrinsics.UndispatchedKt.startUndispatchedOrReturn(Undispatched.kt:43)
	at kotlinx.coroutines.BuildersKt__Builders_commonKt.withContext(Builders.common.kt:165)
	at kotlinx.coroutines.BuildersKt.withContext(Unknown Source)
	at de.infix.testBalloon.framework.core.TestConfigKt$coroutineContext$1.invokeSuspend(TestConfig.kt:273)
	at de.infix.testBalloon.framework.core.TestConfigKt$coroutineContext$1.invoke(TestConfig.kt)
	at de.infix.testBalloon.framework.core.TestConfigKt$coroutineContext$1.invoke(TestConfig.kt)
	at de.infix.testBalloon.framework.core.TestConfig$executionWrapping$1.invokeSuspend(TestConfig.kt:67)
	at de.infix.testBalloon.framework.core.TestConfig$executionWrapping$1.invoke(TestConfig.kt)
	at de.infix.testBalloon.framework.core.TestConfig$executionWrapping$1.invoke(TestConfig.kt)
	at de.infix.testBalloon.framework.core.TestConfig$executionWrapping$1.invokeSuspend(TestConfig.kt:67)
	at de.infix.testBalloon.framework.core.TestConfig$executionWrapping$1.invoke(TestConfig.kt)
	at de.infix.testBalloon.framework.core.TestConfig$executionWrapping$1.invoke(TestConfig.kt)
	at de.infix.testBalloon.framework.core.TestConfig$executionWrapping$1.invokeSuspend(TestConfig.kt:67)
	at de.infix.testBalloon.framework.core.TestConfig$executionWrapping$1.invoke(TestConfig.kt)
	at de.infix.testBalloon.framework.core.TestConfig$executionWrapping$1.invoke(TestConfig.kt)
	at de.infix.testBalloon.framework.core.TestConfig.executeWrapped$testBalloon_framework_core(TestConfig.kt:683)
	at de.infix.testBalloon.framework.core.TestSuite$execute$2.invokeSuspend(TestSuite.kt:242)
	at de.infix.testBalloon.framework.core.TestSuite$execute$2.invoke(TestSuite.kt)
	at de.infix.testBalloon.framework.core.TestSuite$execute$2.invoke(TestSuite.kt)
	at de.infix.testBalloon.framework.core.TestElement$executeReporting$2.invokeSuspend(TestElement.kt:405)
	at de.infix.testBalloon.framework.core.TestElement$executeReporting$2.invoke(TestElement.kt)
	at de.infix.testBalloon.framework.core.TestElement$executeReporting$2.invoke(TestElement.kt)
	at de.infix.testBalloon.framework.core.TestConfig.withExecutionReportSetup$testBalloon_framework_core(TestConfig.kt:145)
	at de.infix.testBalloon.framework.core.TestElement.executeReporting$testBalloon_framework_core(TestElement.kt:392)
	at de.infix.testBalloon.framework.core.TestSuite.execute$suspendImpl(TestSuite.kt:239)
	at de.infix.testBalloon.framework.core.TestSuite.execute$testBalloon_framework_core(TestSuite.kt)
	at de.infix.testBalloon.framework.core.internal.integration.TestBalloonJUnitPlatformTestEngine$execute$1.invokeSuspend(TestBalloonJUnitPlatformTestEngine.kt:170)
	at kotlin.coroutines.jvm.internal.BaseContinuationImpl.resumeWith(ContinuationImpl.kt:34)
	at kotlinx.coroutines.DispatchedTask.run(DispatchedTask.kt:100)
	at kotlinx.coroutines.scheduling.CoroutineScheduler.runSafely(CoroutineScheduler.kt:586)
	at kotlinx.coroutines.scheduling.CoroutineScheduler$Worker.executeTask(CoroutineScheduler.kt:829)
	at kotlinx.coroutines.scheduling.CoroutineScheduler$Worker.runWorker(CoroutineScheduler.kt:717)
	at kotlinx.coroutines.scheduling.CoroutineScheduler$Worker.run(CoroutineScheduler.kt:704)
</failure>
  </testcase>
  <testcase name="rendering ↘ render one whole page[jvm]" classname="com.dshatz.pdfmp.rendererTests" time="0.006">
    <failure message="java.lang.UnsatisfiedLinkError: 'byte[] com.dshatz.pdfmp.PDFBridge.createNativeRenderer(byte[])'" type="java.lang.UnsatisfiedLinkError">java.lang.UnsatisfiedLinkError: 'byte[] com.dshatz.pdfmp.PDFBridge.createNativeRenderer(byte[])'
	at com.dshatz.pdfmp.PDFBridge.createNativeRenderer(Native Method)
	at com.dshatz.pdfmp.PdfRendererFactory.createFromSource-gIAlu-s(PdfRenderer.consumerJni.kt:42)
	at com.dshatz.pdfmp.RendererTestKt.initWithSamplePdf(RendererTest.kt:128)
	at com.dshatz.pdfmp.RendererTestKt.access$initWithSamplePdf(RendererTest.kt:1)
	at com.dshatz.pdfmp.RendererTestKt$rendererTests$2$2$3$1.invokeSuspend(RendererTest.kt:33)
	at com.dshatz.pdfmp.RendererTestKt$rendererTests$2$2$3$1.invoke(RendererTest.kt)
	at com.dshatz.pdfmp.RendererTestKt$rendererTests$2$2$3$1.invoke(RendererTest.kt)
	at de.infix.testBalloon.framework.core.TestFixture$asContextForAll$1.invokeSuspend(TestFixture.kt:120)
	at de.infix.testBalloon.framework.core.TestFixture$asContextForAll$1.invoke(TestFixture.kt)
	at de.infix.testBalloon.framework.core.TestFixture$asContextForAll$1.invoke(TestFixture.kt)
	at de.infix.testBalloon.framework.core.TestFixture$Scope$test$1.invokeSuspend(TestFixture.kt:292)
	at de.infix.testBalloon.framework.core.TestFixture$Scope$test$1.invoke(TestFixture.kt)
	at de.infix.testBalloon.framework.core.TestFixture$Scope$test$1.invoke(TestFixture.kt)
	at de.infix.testBalloon.framework.core.Test$executeInTestScope$2.invokeSuspend(Test.kt:106)
	at de.infix.testBalloon.framework.core.Test$executeInTestScope$2.invoke(Test.kt)
	at de.infix.testBalloon.framework.core.Test$executeInTestScope$2.invoke(Test.kt)
	at de.infix.testBalloon.framework.core.internal.TestFramework_jvmKt$runTestAwaitingCompletion$2.invokeSuspend(TestFramework.jvm.kt:34)
	at de.infix.testBalloon.framework.core.internal.TestFramework_jvmKt$runTestAwaitingCompletion$2.invoke(TestFramework.jvm.kt)
	at de.infix.testBalloon.framework.core.internal.TestFramework_jvmKt$runTestAwaitingCompletion$2.invoke(TestFramework.jvm.kt)
	at kotlinx.coroutines.test.TestBuildersKt__TestBuildersKt$runTest$2$1$1.invokeSuspend(TestBuilders.kt:317)
	at kotlin.coroutines.jvm.internal.BaseContinuationImpl.resumeWith(ContinuationImpl.kt:34)
	at kotlinx.coroutines.DispatchedTask.run(DispatchedTask.kt:100)
	at kotlinx.coroutines.test.TestDispatcher.processEvent$kotlinx_coroutines_test(TestDispatcher.kt:24)
	at kotlinx.coroutines.test.TestCoroutineScheduler.tryRunNextTaskUnless$kotlinx_coroutines_test(TestCoroutineScheduler.kt:99)
	at kotlinx.coroutines.test.TestBuildersKt__TestBuildersKt$runTest$2$1$workRunner$1.invokeSuspend(TestBuilders.kt:326)
	at kotlin.coroutines.jvm.internal.BaseContinuationImpl.resumeWith(ContinuationImpl.kt:34)
	at kotlinx.coroutines.DispatchedTask.run(DispatchedTask.kt:100)
	at kotlinx.coroutines.EventLoopImplBase.processNextEvent(EventLoop.common.kt:263)
	at kotlinx.coroutines.BlockingCoroutine.joinBlocking(Builders.kt:94)
	at kotlinx.coroutines.BuildersKt__BuildersKt.runBlocking(Builders.kt:70)
	at kotlinx.coroutines.BuildersKt.runBlocking(Unknown Source)
	at kotlinx.coroutines.BuildersKt__BuildersKt.runBlocking$default(Builders.kt:48)
	at kotlinx.coroutines.BuildersKt.runBlocking$default(Unknown Source)
	at kotlinx.coroutines.test.TestBuildersJvmKt.createTestResult(TestBuildersJvm.kt:10)
	at kotlinx.coroutines.test.TestBuildersKt__TestBuildersKt.runTest-8Mi8wO0(TestBuilders.kt:309)
	at kotlinx.coroutines.test.TestBuildersKt.runTest-8Mi8wO0(Unknown Source)
	at de.infix.testBalloon.framework.core.internal.TestFramework_jvmKt.runTestAwaitingCompletion-dWUq8MI(TestFramework.jvm.kt:34)
	at de.infix.testBalloon.framework.core.Test.executeInTestScope(Test.kt:100)
	at de.infix.testBalloon.framework.core.Test.access$executeInTestScope(Test.kt:24)
	at de.infix.testBalloon.framework.core.Test$execute$2$1.invokeSuspend(Test.kt:83)
	at de.infix.testBalloon.framework.core.Test$execute$2$1.invoke(Test.kt)
	at de.infix.testBalloon.framework.core.Test$execute$2$1.invoke(Test.kt)
	at de.infix.testBalloon.framework.core.TestConfig$executeWrapped$invocationGuardingAction$1.invokeSuspend(TestConfig.kt:117)
	at de.infix.testBalloon.framework.core.TestConfig$executeWrapped$invocationGuardingAction$1.invoke(TestConfig.kt)
	at de.infix.testBalloon.framework.core.TestConfig$executeWrapped$invocationGuardingAction$1.invoke(TestConfig.kt)
	at de.infix.testBalloon.framework.core.TestConfig.executeWrapped$testBalloon_framework_core(TestConfig.kt:687)
	at de.infix.testBalloon.framework.core.Test$execute$2.invokeSuspend(Test.kt:69)
	at de.infix.testBalloon.framework.core.Test$execute$2.invoke(Test.kt)
	at de.infix.testBalloon.framework.core.Test$execute$2.invoke(Test.kt)
	at de.infix.testBalloon.framework.core.TestElement$executeReporting$2.invokeSuspend(TestElement.kt:405)
	at de.infix.testBalloon.framework.core.TestElement$executeReporting$2.invoke(TestElement.kt)
	at de.infix.testBalloon.framework.core.TestElement$executeReporting$2.invoke(TestElement.kt)
	at de.infix.testBalloon.framework.core.TestConfig.withExecutionReportSetup$testBalloon_framework_core(TestConfig.kt:145)
	at de.infix.testBalloon.framework.core.TestElement.executeReporting$testBalloon_framework_core(TestElement.kt:392)
	at de.infix.testBalloon.framework.core.Test.execute$testBalloon_framework_core(Test.kt:66)
	at de.infix.testBalloon.framework.core.TestSuite$execute$2$1$1.invokeSuspend(TestSuite.kt:253)
	at de.infix.testBalloon.framework.core.TestSuite$execute$2$1$1.invoke(TestSuite.kt)
	at de.infix.testBalloon.framework.core.TestSuite$execute$2$1$1.invoke(TestSuite.kt)
	at kotlinx.coroutines.intrinsics.UndispatchedKt.startUndspatched(Undispatched.kt:66)
	at kotlinx.coroutines.intrinsics.UndispatchedKt.startUndispatchedOrReturn(Undispatched.kt:43)
	at kotlinx.coroutines.CoroutineScopeKt.coroutineScope(CoroutineScope.kt:286)
	at de.infix.testBalloon.framework.core.TestSuite$execute$2$1.invokeSuspend(TestSuite.kt:249)
	at de.infix.testBalloon.framework.core.TestSuite$execute$2$1.invoke(TestSuite.kt)
	at de.infix.testBalloon.framework.core.TestSuite$execute$2$1.invoke(TestSuite.kt)
	at de.infix.testBalloon.framework.core.TestConfig$executeWrapped$invocationGuardingAction$1.invokeSuspend(TestConfig.kt:117)
	at de.infix.testBalloon.framework.core.TestConfig$executeWrapped$invocationGuardingAction$1.invoke(TestConfig.kt)
	at de.infix.testBalloon.framework.core.TestConfig$executeWrapped$invocationGuardingAction$1.invoke(TestConfig.kt)
	at de.infix.testBalloon.framework.core.TestConfig$executeWrapped$$inlined$wrapIfNotNull$1.invokeSuspend(TestConfig.kt:466)
	at de.infix.testBalloon.framework.core.TestConfig$executeWrapped$$inlined$wrapIfNotNull$1.invoke(TestConfig.kt)
	at de.infix.testBalloon.framework.core.TestConfig$executeWrapped$$inlined$wrapIfNotNull$1.invoke(TestConfig.kt)
	at de.infix.testBalloon.framework.core.TestSuite$suiteLifecycleAction$1.invokeSuspend(TestSuite.kt:301)
	at de.infix.testBalloon.framework.core.TestSuite$suiteLifecycleAction$1.invoke(TestSuite.kt)
	at de.infix.testBalloon.framework.core.TestSuite$suiteLifecycleAction$1.invoke(TestSuite.kt)
	at de.infix.testBalloon.framework.core.TestConfig.executeWrapped$testBalloon_framework_core(TestConfig.kt:683)
	at de.infix.testBalloon.framework.core.TestSuite$execute$2.invokeSuspend(TestSuite.kt:242)
	at de.infix.testBalloon.framework.core.TestSuite$execute$2.invoke(TestSuite.kt)
	at de.infix.testBalloon.framework.core.TestSuite$execute$2.invoke(TestSuite.kt)
	at de.infix.testBalloon.framework.core.TestElement$executeReporting$2.invokeSuspend(TestElement.kt:405)
	at de.infix.testBalloon.framework.core.TestElement$executeReporting$2.invoke(TestElement.kt)
	at de.infix.testBalloon.framework.core.TestElement$executeReporting$2.invoke(TestElement.kt)
	at de.infix.testBalloon.framework.core.TestConfig.withExecutionReportSetup$testBalloon_framework_core(TestConfig.kt:145)
	at de.infix.testBalloon.framework.core.TestElement.executeReporting$testBalloon_framework_core(TestElement.kt:392)
	at de.infix.testBalloon.framework.core.TestSuite.execute$suspendImpl(TestSuite.kt:239)
	at de.infix.testBalloon.framework.core.TestSuite.execute$testBalloon_framework_core(TestSuite.kt)
	at de.infix.testBalloon.framework.core.TestSuite$execute$2$1$1.invokeSuspend(TestSuite.kt:253)
	at de.infix.testBalloon.framework.core.TestSuite$execute$2$1$1.invoke(TestSuite.kt)
	at de.infix.testBalloon.framework.core.TestSuite$execute$2$1$1.invoke(TestSuite.kt)
	at kotlinx.coroutines.intrinsics.UndispatchedKt.startUndspatched(Undispatched.kt:66)
	at kotlinx.coroutines.intrinsics.UndispatchedKt.startUndispatchedOrReturn(Undispatched.kt:43)
	at kotlinx.coroutines.CoroutineScopeKt.coroutineScope(CoroutineScope.kt:286)
	at de.infix.testBalloon.framework.core.TestSuite$execute$2$1.invokeSuspend(TestSuite.kt:249)
	at de.infix.testBalloon.framework.core.TestSuite$execute$2$1.invoke(TestSuite.kt)
	at de.infix.testBalloon.framework.core.TestSuite$execute$2$1.invoke(TestSuite.kt)
	at de.infix.testBalloon.framework.core.TestConfig$executeWrapped$invocationGuardingAction$1.invokeSuspend(TestConfig.kt:117)
	at de.infix.testBalloon.framework.core.TestConfig$executeWrapped$invocationGuardingAction$1.invoke(TestConfig.kt)
	at de.infix.testBalloon.framework.core.TestConfig$executeWrapped$invocationGuardingAction$1.invoke(TestConfig.kt)
	at de.infix.testBalloon.framework.core.TestConfig$executeWrapped$$inlined$wrapIfNotNull$1.invokeSuspend(TestConfig.kt:466)
	at de.infix.testBalloon.framework.core.TestConfig$executeWrapped$$inlined$wrapIfNotNull$1.invoke(TestConfig.kt)
	at de.infix.testBalloon.framework.core.TestConfig$executeWrapped$$inlined$wrapIfNotNull$1.invoke(TestConfig.kt)
	at de.infix.testBalloon.framework.core.TestSuite$suiteLifecycleAction$1.invokeSuspend(TestSuite.kt:301)
	at de.infix.testBalloon.framework.core.TestSuite$suiteLifecycleAction$1.invoke(TestSuite.kt)
	at de.infix.testBalloon.framework.core.TestSuite$suiteLifecycleAction$1.invoke(TestSuite.kt)
	at de.infix.testBalloon.framework.core.TestConfig.executeWrapped$testBalloon_framework_core(TestConfig.kt:683)
	at de.infix.testBalloon.framework.core.TestSuite$execute$2.invokeSuspend(TestSuite.kt:242)
	at de.infix.testBalloon.framework.core.TestSuite$execute$2.invoke(TestSuite.kt)
	at de.infix.testBalloon.framework.core.TestSuite$execute$2.invoke(TestSuite.kt)
	at de.infix.testBalloon.framework.core.TestElement$executeReporting$2.invokeSuspend(TestElement.kt:405)
	at de.infix.testBalloon.framework.core.TestElement$executeReporting$2.invoke(TestElement.kt)
	at de.infix.testBalloon.framework.core.TestElement$executeReporting$2.invoke(TestElement.kt)
	at de.infix.testBalloon.framework.core.TestConfig.withExecutionReportSetup$testBalloon_framework_core(TestConfig.kt:145)
	at de.infix.testBalloon.framework.core.TestElement.executeReporting$testBalloon_framework_core(TestElement.kt:392)
	at de.infix.testBalloon.framework.core.TestSuite.execute$suspendImpl(TestSuite.kt:239)
	at de.infix.testBalloon.framework.core.TestSuite.execute$testBalloon_framework_core(TestSuite.kt)
	at de.infix.testBalloon.framework.core.TestSuite$execute$2$1$1.invokeSuspend(TestSuite.kt:253)
	at de.infix.testBalloon.framework.core.TestSuite$execute$2$1$1.invoke(TestSuite.kt)
	at de.infix.testBalloon.framework.core.TestSuite$execute$2$1$1.invoke(TestSuite.kt)
	at kotlinx.coroutines.intrinsics.UndispatchedKt.startUndspatched(Undispatched.kt:66)
	at kotlinx.coroutines.intrinsics.UndispatchedKt.startUndispatchedOrReturn(Undispatched.kt:43)
	at kotlinx.coroutines.CoroutineScopeKt.coroutineScope(CoroutineScope.kt:286)
	at de.infix.testBalloon.framework.core.TestSuite$execute$2$1.invokeSuspend(TestSuite.kt:249)
	at de.infix.testBalloon.framework.core.TestSuite$execute$2$1.invoke(TestSuite.kt)
	at de.infix.testBalloon.framework.core.TestSuite$execute$2$1.invoke(TestSuite.kt)
	at de.infix.testBalloon.framework.core.TestConfig$executeWrapped$invocationGuardingAction$1.invokeSuspend(TestConfig.kt:117)
	at de.infix.testBalloon.framework.core.TestConfig$executeWrapped$invocationGuardingAction$1.invoke(TestConfig.kt)
	at de.infix.testBalloon.framework.core.TestConfig$executeWrapped$invocationGuardingAction$1.invoke(TestConfig.kt)
	at de.infix.testBalloon.framework.core.TestConfig$executeWrapped$$inlined$wrapIfNotNull$1.invokeSuspend(TestConfig.kt:466)
	at de.infix.testBalloon.framework.core.TestConfig$executeWrapped$$inlined$wrapIfNotNull$1.invoke(TestConfig.kt)
	at de.infix.testBalloon.framework.core.TestConfig$executeWrapped$$inlined$wrapIfNotNull$1.invoke(TestConfig.kt)
	at de.infix.testBalloon.framework.core.TestSuite$suiteLifecycleAction$1.invokeSuspend(TestSuite.kt:301)
	at de.infix.testBalloon.framework.core.TestSuite$suiteLifecycleAction$1.invoke(TestSuite.kt)
	at de.infix.testBalloon.framework.core.TestSuite$suiteLifecycleAction$1.invoke(TestSuite.kt)
	at de.infix.testBalloon.framework.core.TestConfig.executeWrapped$testBalloon_framework_core(TestConfig.kt:683)
	at de.infix.testBalloon.framework.core.TestSuite$execute$2.invokeSuspend(TestSuite.kt:242)
	at de.infix.testBalloon.framework.core.TestSuite$execute$2.invoke(TestSuite.kt)
	at de.infix.testBalloon.framework.core.TestSuite$execute$2.invoke(TestSuite.kt)
	at de.infix.testBalloon.framework.core.TestElement$executeReporting$2.invokeSuspend(TestElement.kt:405)
	at de.infix.testBalloon.framework.core.TestElement$executeReporting$2.invoke(TestElement.kt)
	at de.infix.testBalloon.framework.core.TestElement$executeReporting$2.invoke(TestElement.kt)
	at de.infix.testBalloon.framework.core.TestConfig.withExecutionReportSetup$testBalloon_framework_core(TestConfig.kt:145)
	at de.infix.testBalloon.framework.core.TestElement.executeReporting$testBalloon_framework_core(TestElement.kt:392)
	at de.infix.testBalloon.framework.core.TestSuite.execute$suspendImpl(TestSuite.kt:239)
	at de.infix.testBalloon.framework.core.TestSuite.execute$testBalloon_framework_core(TestSuite.kt)
	at de.infix.testBalloon.framework.core.TestSuite$execute$2$1$1.invokeSuspend(TestSuite.kt:253)
	at de.infix.testBalloon.framework.core.TestSuite$execute$2$1$1.invoke(TestSuite.kt)
	at de.infix.testBalloon.framework.core.TestSuite$execute$2$1$1.invoke(TestSuite.kt)
	at kotlinx.coroutines.intrinsics.UndispatchedKt.startUndspatched(Undispatched.kt:66)
	at kotlinx.coroutines.intrinsics.UndispatchedKt.startUndispatchedOrReturn(Undispatched.kt:43)
	at kotlinx.coroutines.CoroutineScopeKt.coroutineScope(CoroutineScope.kt:286)
	at de.infix.testBalloon.framework.core.TestSuite$execute$2$1.invokeSuspend(TestSuite.kt:249)
	at de.infix.testBalloon.framework.core.TestSuite$execute$2$1.invoke(TestSuite.kt)
	at de.infix.testBalloon.framework.core.TestSuite$execute$2$1.invoke(TestSuite.kt)
	at de.infix.testBalloon.framework.core.TestConfig$executeWrapped$invocationGuardingAction$1.invokeSuspend(TestConfig.kt:117)
	at de.infix.testBalloon.framework.core.TestConfig$executeWrapped$invocationGuardingAction$1.invoke(TestConfig.kt)
	at de.infix.testBalloon.framework.core.TestConfig$executeWrapped$invocationGuardingAction$1.invoke(TestConfig.kt)
	at de.infix.testBalloon.framework.core.TestConfig$executeWrapped$$inlined$wrapIfNotNull$1.invokeSuspend(TestConfig.kt:466)
	at de.infix.testBalloon.framework.core.TestConfig$executeWrapped$$inlined$wrapIfNotNull$1.invoke(TestConfig.kt)
	at de.infix.testBalloon.framework.core.TestConfig$executeWrapped$$inlined$wrapIfNotNull$1.invoke(TestConfig.kt)
	at de.infix.testBalloon.framework.core.TestSuite$suiteLifecycleAction$1.invokeSuspend(TestSuite.kt:301)
	at de.infix.testBalloon.framework.core.TestSuite$suiteLifecycleAction$1.invoke(TestSuite.kt)
	at de.infix.testBalloon.framework.core.TestSuite$suiteLifecycleAction$1.invoke(TestSuite.kt)
	at de.infix.testBalloon.framework.core.TestConfig$executionWrapping$1$1.invokeSuspend(TestConfig.kt:68)
	at de.infix.testBalloon.framework.core.TestConfig$executionWrapping$1$1.invoke(TestConfig.kt)
	at de.infix.testBalloon.framework.core.TestConfig$executionWrapping$1$1.invoke(TestConfig.kt)
	at de.infix.testBalloon.framework.core.TestConfigKt$testScope$1$2.invokeSuspend(TestConfig.kt:578)
	at de.infix.testBalloon.framework.core.TestConfigKt$testScope$1$2.invoke(TestConfig.kt)
	at de.infix.testBalloon.framework.core.TestConfigKt$testScope$1$2.invoke(TestConfig.kt)
	at kotlinx.coroutines.intrinsics.UndispatchedKt.startUndspatched(Undispatched.kt:66)
	at kotlinx.coroutines.intrinsics.UndispatchedKt.startUndispatchedOrReturn(Undispatched.kt:43)
	at kotlinx.coroutines.BuildersKt__Builders_commonKt.withContext(Builders.common.kt:165)
	at kotlinx.coroutines.BuildersKt.withContext(Unknown Source)
	at de.infix.testBalloon.framework.core.TestConfigKt$testScope$1.invokeSuspend(TestConfig.kt:577)
	at de.infix.testBalloon.framework.core.TestConfigKt$testScope$1.invoke(TestConfig.kt)
	at de.infix.testBalloon.framework.core.TestConfigKt$testScope$1.invoke(TestConfig.kt)
	at de.infix.testBalloon.framework.core.TestConfig$executionWrapping$1$1.invokeSuspend(TestConfig.kt:68)
	at de.infix.testBalloon.framework.core.TestConfig$executionWrapping$1$1.invoke(TestConfig.kt)
	at de.infix.testBalloon.framework.core.TestConfig$executionWrapping$1$1.invoke(TestConfig.kt)
	at de.infix.testBalloon.framework.core.TestConfigKt$coroutineContext$1$1.invokeSuspend(TestConfig.kt:274)
	at de.infix.testBalloon.framework.core.TestConfigKt$coroutineContext$1$1.invoke(TestConfig.kt)
	at de.infix.testBalloon.framework.core.TestConfigKt$coroutineContext$1$1.invoke(TestConfig.kt)
	at kotlinx.coroutines.intrinsics.UndispatchedKt.startUndspatched(Undispatched.kt:66)
	at kotlinx.coroutines.intrinsics.UndispatchedKt.startUndispatchedOrReturn(Undispatched.kt:43)
	at kotlinx.coroutines.BuildersKt__Builders_commonKt.withContext(Builders.common.kt:165)
	at kotlinx.coroutines.BuildersKt.withContext(Unknown Source)
	at de.infix.testBalloon.framework.core.TestConfigKt$coroutineContext$1.invokeSuspend(TestConfig.kt:273)
	at de.infix.testBalloon.framework.core.TestConfigKt$coroutineContext$1.invoke(TestConfig.kt)
	at de.infix.testBalloon.framework.core.TestConfigKt$coroutineContext$1.invoke(TestConfig.kt)
	at de.infix.testBalloon.framework.core.TestConfig$executionWrapping$1$1.invokeSuspend(TestConfig.kt:68)
	at de.infix.testBalloon.framework.core.TestConfig$executionWrapping$1$1.invoke(TestConfig.kt)
	at de.infix.testBalloon.framework.core.TestConfig$executionWrapping$1$1.invoke(TestConfig.kt)
	at de.infix.testBalloon.framework.core.TestConfigKt$coroutineContext$1$1.invokeSuspend(TestConfig.kt:274)
	at de.infix.testBalloon.framework.core.TestConfigKt$coroutineContext$1$1.invoke(TestConfig.kt)
	at de.infix.testBalloon.framework.core.TestConfigKt$coroutineContext$1$1.invoke(TestConfig.kt)
	at kotlinx.coroutines.intrinsics.UndispatchedKt.startUndspatched(Undispatched.kt:66)
	at kotlinx.coroutines.intrinsics.UndispatchedKt.startUndispatchedOrReturn(Undispatched.kt:43)
	at kotlinx.coroutines.BuildersKt__Builders_commonKt.withContext(Builders.common.kt:165)
	at kotlinx.coroutines.BuildersKt.withContext(Unknown Source)
	at de.infix.testBalloon.framework.core.TestConfigKt$coroutineContext$1.invokeSuspend(TestConfig.kt:273)
	at de.infix.testBalloon.framework.core.TestConfigKt$coroutineContext$1.invoke(TestConfig.kt)
	at de.infix.testBalloon.framework.core.TestConfigKt$coroutineContext$1.invoke(TestConfig.kt)
	at de.infix.testBalloon.framework.core.TestConfig$executionWrapping$1.invokeSuspend(TestConfig.kt:67)
	at de.infix.testBalloon.framework.core.TestConfig$executionWrapping$1.invoke(TestConfig.kt)
	at de.infix.testBalloon.framework.core.TestConfig$executionWrapping$1.invoke(TestConfig.kt)
	at de.infix.testBalloon.framework.core.TestConfig$executionWrapping$1.invokeSuspend(TestConfig.kt:67)
	at de.infix.testBalloon.framework.core.TestConfig$executionWrapping$1.invoke(TestConfig.kt)
	at de.infix.testBalloon.framework.core.TestConfig$executionWrapping$1.invoke(TestConfig.kt)
	at de.infix.testBalloon.framework.core.TestConfig$executionWrapping$1.invokeSuspend(TestConfig.kt:67)
	at de.infix.testBalloon.framework.core.TestConfig$executionWrapping$1.invoke(TestConfig.kt)
	at de.infix.testBalloon.framework.core.TestConfig$executionWrapping$1.invoke(TestConfig.kt)
	at de.infix.testBalloon.framework.core.TestConfig.executeWrapped$testBalloon_framework_core(TestConfig.kt:683)
	at de.infix.testBalloon.framework.core.TestSuite$execute$2.invokeSuspend(TestSuite.kt:242)
	at de.infix.testBalloon.framework.core.TestSuite$execute$2.invoke(TestSuite.kt)
	at de.infix.testBalloon.framework.core.TestSuite$execute$2.invoke(TestSuite.kt)
	at de.infix.testBalloon.framework.core.TestElement$executeReporting$2.invokeSuspend(TestElement.kt:405)
	at de.infix.testBalloon.framework.core.TestElement$executeReporting$2.invoke(TestElement.kt)
	at de.infix.testBalloon.framework.core.TestElement$executeReporting$2.invoke(TestElement.kt)
	at de.infix.testBalloon.framework.core.TestConfig.withExecutionReportSetup$testBalloon_framework_core(TestConfig.kt:145)
	at de.infix.testBalloon.framework.core.TestElement.executeReporting$testBalloon_framework_core(TestElement.kt:392)
	at de.infix.testBalloon.framework.core.TestSuite.execute$suspendImpl(TestSuite.kt:239)
	at de.infix.testBalloon.framework.core.TestSuite.execute$testBalloon_framework_core(TestSuite.kt)
	at de.infix.testBalloon.framework.core.internal.integration.TestBalloonJUnitPlatformTestEngine$execute$1.invokeSuspend(TestBalloonJUnitPlatformTestEngine.kt:170)
	at kotlin.coroutines.jvm.internal.BaseContinuationImpl.resumeWith(ContinuationImpl.kt:34)
	at kotlinx.coroutines.DispatchedTask.run(DispatchedTask.kt:100)
	at kotlinx.coroutines.scheduling.CoroutineScheduler.runSafely(CoroutineScheduler.kt:586)
	at kotlinx.coroutines.scheduling.CoroutineScheduler$Worker.executeTask(CoroutineScheduler.kt:829)
	at kotlinx.coroutines.scheduling.CoroutineScheduler$Worker.runWorker(CoroutineScheduler.kt:717)
	at kotlinx.coroutines.scheduling.CoroutineScheduler$Worker.run(CoroutineScheduler.kt:704)
</failure>
  </testcase>
  <testcase name="rendering ↘ render stacked pages for viewport[jvm]" classname="com.dshatz.pdfmp.rendererTests" time="0.003">
    <failure message="java.lang.UnsatisfiedLinkError: 'byte[] com.dshatz.pdfmp.PDFBridge.createNativeRenderer(byte[])'" type="java.lang.UnsatisfiedLinkError">java.lang.UnsatisfiedLinkError: 'byte[] com.dshatz.pdfmp.PDFBridge.createNativeRenderer(byte[])'
	at com.dshatz.pdfmp.PDFBridge.createNativeRenderer(Native Method)
	at com.dshatz.pdfmp.PdfRendererFactory.createFromSource-gIAlu-s(PdfRenderer.consumerJni.kt:42)
	at com.dshatz.pdfmp.RendererTestKt.initWithSamplePdf(RendererTest.kt:128)
	at com.dshatz.pdfmp.RendererTestKt.access$initWithSamplePdf(RendererTest.kt:1)
	at com.dshatz.pdfmp.RendererTestKt$rendererTests$2$2$3$2.invokeSuspend(RendererTest.kt:68)
	at com.dshatz.pdfmp.RendererTestKt$rendererTests$2$2$3$2.invoke(RendererTest.kt)
	at com.dshatz.pdfmp.RendererTestKt$rendererTests$2$2$3$2.invoke(RendererTest.kt)
	at de.infix.testBalloon.framework.core.TestFixture$asContextForAll$1.invokeSuspend(TestFixture.kt:120)
	at de.infix.testBalloon.framework.core.TestFixture$asContextForAll$1.invoke(TestFixture.kt)
	at de.infix.testBalloon.framework.core.TestFixture$asContextForAll$1.invoke(TestFixture.kt)
	at de.infix.testBalloon.framework.core.TestFixture$Scope$test$1.invokeSuspend(TestFixture.kt:292)
	at de.infix.testBalloon.framework.core.TestFixture$Scope$test$1.invoke(TestFixture.kt)
	at de.infix.testBalloon.framework.core.TestFixture$Scope$test$1.invoke(TestFixture.kt)
	at de.infix.testBalloon.framework.core.Test$executeInTestScope$2.invokeSuspend(Test.kt:106)
	at de.infix.testBalloon.framework.core.Test$executeInTestScope$2.invoke(Test.kt)
	at de.infix.testBalloon.framework.core.Test$executeInTestScope$2.invoke(Test.kt)
	at de.infix.testBalloon.framework.core.internal.TestFramework_jvmKt$runTestAwaitingCompletion$2.invokeSuspend(TestFramework.jvm.kt:34)
	at de.infix.testBalloon.framework.core.internal.TestFramework_jvmKt$runTestAwaitingCompletion$2.invoke(TestFramework.jvm.kt)
	at de.infix.testBalloon.framework.core.internal.TestFramework_jvmKt$runTestAwaitingCompletion$2.invoke(TestFramework.jvm.kt)
	at kotlinx.coroutines.test.TestBuildersKt__TestBuildersKt$runTest$2$1$1.invokeSuspend(TestBuilders.kt:317)
	at kotlin.coroutines.jvm.internal.BaseContinuationImpl.resumeWith(ContinuationImpl.kt:34)
	at kotlinx.coroutines.DispatchedTask.run(DispatchedTask.kt:100)
	at kotlinx.coroutines.test.TestDispatcher.processEvent$kotlinx_coroutines_test(TestDispatcher.kt:24)
	at kotlinx.coroutines.test.TestCoroutineScheduler.tryRunNextTaskUnless$kotlinx_coroutines_test(TestCoroutineScheduler.kt:99)
	at kotlinx.coroutines.test.TestBuildersKt__TestBuildersKt$runTest$2$1$workRunner$1.invokeSuspend(TestBuilders.kt:326)
	at kotlin.coroutines.jvm.internal.BaseContinuationImpl.resumeWith(ContinuationImpl.kt:34)
	at kotlinx.coroutines.DispatchedTask.run(DispatchedTask.kt:100)
	at kotlinx.coroutines.EventLoopImplBase.processNextEvent(EventLoop.common.kt:263)
	at kotlinx.coroutines.BlockingCoroutine.joinBlocking(Builders.kt:94)
	at kotlinx.coroutines.BuildersKt__BuildersKt.runBlocking(Builders.kt:70)
	at kotlinx.coroutines.BuildersKt.runBlocking(Unknown Source)
	at kotlinx.coroutines.BuildersKt__BuildersKt.runBlocking$default(Builders.kt:48)
	at kotlinx.coroutines.BuildersKt.runBlocking$default(Unknown Source)
	at kotlinx.coroutines.test.TestBuildersJvmKt.createTestResult(TestBuildersJvm.kt:10)
	at kotlinx.coroutines.test.TestBuildersKt__TestBuildersKt.runTest-8Mi8wO0(TestBuilders.kt:309)
	at kotlinx.coroutines.test.TestBuildersKt.runTest-8Mi8wO0(Unknown Source)
	at de.infix.testBalloon.framework.core.internal.TestFramework_jvmKt.runTestAwaitingCompletion-dWUq8MI(TestFramework.jvm.kt:34)
	at de.infix.testBalloon.framework.core.Test.executeInTestScope(Test.kt:100)
	at de.infix.testBalloon.framework.core.Test.access$executeInTestScope(Test.kt:24)
	at de.infix.testBalloon.framework.core.Test$execute$2$1.invokeSuspend(Test.kt:83)
	at de.infix.testBalloon.framework.core.Test$execute$2$1.invoke(Test.kt)
	at de.infix.testBalloon.framework.core.Test$execute$2$1.invoke(Test.kt)
	at de.infix.testBalloon.framework.core.TestConfig$executeWrapped$invocationGuardingAction$1.invokeSuspend(TestConfig.kt:117)
	at de.infix.testBalloon.framework.core.TestConfig$executeWrapped$invocationGuardingAction$1.invoke(TestConfig.kt)
	at de.infix.testBalloon.framework.core.TestConfig$executeWrapped$invocationGuardingAction$1.invoke(TestConfig.kt)
	at de.infix.testBalloon.framework.core.TestConfig.executeWrapped$testBalloon_framework_core(TestConfig.kt:687)
	at de.infix.testBalloon.framework.core.Test$execute$2.invokeSuspend(Test.kt:69)
	at de.infix.testBalloon.framework.core.Test$execute$2.invoke(Test.kt)
	at de.infix.testBalloon.framework.core.Test$execute$2.invoke(Test.kt)
	at de.infix.testBalloon.framework.core.TestElement$executeReporting$2.invokeSuspend(TestElement.kt:405)
	at de.infix.testBalloon.framework.core.TestElement$executeReporting$2.invoke(TestElement.kt)
	at de.infix.testBalloon.framework.core.TestElement$executeReporting$2.invoke(TestElement.kt)
	at de.infix.testBalloon.framework.core.TestConfig.withExecutionReportSetup$testBalloon_framework_core(TestConfig.kt:145)
	at de.infix.testBalloon.framework.core.TestElement.executeReporting$testBalloon_framework_core(TestElement.kt:392)
	at de.infix.testBalloon.framework.core.Test.execute$testBalloon_framework_core(Test.kt:66)
	at de.infix.testBalloon.framework.core.TestSuite$execute$2$1$1.invokeSuspend(TestSuite.kt:253)
	at de.infix.testBalloon.framework.core.TestSuite$execute$2$1$1.invoke(TestSuite.kt)
	at de.infix.testBalloon.framework.core.TestSuite$execute$2$1$1.invoke(TestSuite.kt)
	at kotlinx.coroutines.intrinsics.UndispatchedKt.startUndspatched(Undispatched.kt:66)
	at kotlinx.coroutines.intrinsics.UndispatchedKt.startUndispatchedOrReturn(Undispatched.kt:43)
	at kotlinx.coroutines.CoroutineScopeKt.coroutineScope(CoroutineScope.kt:286)
	at de.infix.testBalloon.framework.core.TestSuite$execute$2$1.invokeSuspend(TestSuite.kt:249)
	at de.infix.testBalloon.framework.core.TestSuite$execute$2$1.invoke(TestSuite.kt)
	at de.infix.testBalloon.framework.core.TestSuite$execute$2$1.invoke(TestSuite.kt)
	at de.infix.testBalloon.framework.core.TestConfig$executeWrapped$invocationGuardingAction$1.invokeSuspend(TestConfig.kt:117)
	at de.infix.testBalloon.framework.core.TestConfig$executeWrapped$invocationGuardingAction$1.invoke(TestConfig.kt)
	at de.infix.testBalloon.framework.core.TestConfig$executeWrapped$invocationGuardingAction$1.invoke(TestConfig.kt)
	at de.infix.testBalloon.framework.core.TestConfig$executeWrapped$$inlined$wrapIfNotNull$1.invokeSuspend(TestConfig.kt:466)
	at de.infix.testBalloon.framework.core.TestConfig$executeWrapped$$inlined$wrapIfNotNull$1.invoke(TestConfig.kt)
	at de.infix.testBalloon.framework.core.TestConfig$executeWrapped$$inlined$wrapIfNotNull$1.invoke(TestConfig.kt)
	at de.infix.testBalloon.framework.core.TestSuite$suiteLifecycleAction$1.invokeSuspend(TestSuite.kt:301)
	at de.infix.testBalloon.framework.core.TestSuite$suiteLifecycleAction$1.invoke(TestSuite.kt)
	at de.infix.testBalloon.framework.core.TestSuite$suiteLifecycleAction$1.invoke(TestSuite.kt)
	at de.infix.testBalloon.framework.core.TestConfig.executeWrapped$testBalloon_framework_core(TestConfig.kt:683)
	at de.infix.testBalloon.framework.core.TestSuite$execute$2.invokeSuspend(TestSuite.kt:242)
	at de.infix.testBalloon.framework.core.TestSuite$execute$2.invoke(TestSuite.kt)
	at de.infix.testBalloon.framework.core.TestSuite$execute$2.invoke(TestSuite.kt)
	at de.infix.testBalloon.framework.core.TestElement$executeReporting$2.invokeSuspend(TestElement.kt:405)
	at de.infix.testBalloon.framework.core.TestElement$executeReporting$2.invoke(TestElement.kt)
	at de.infix.testBalloon.framework.core.TestElement$executeReporting$2.invoke(TestElement.kt)
	at de.infix.testBalloon.framework.core.TestConfig.withExecutionReportSetup$testBalloon_framework_core(TestConfig.kt:145)
	at de.infix.testBalloon.framework.core.TestElement.executeReporting$testBalloon_framework_core(TestElement.kt:392)
	at de.infix.testBalloon.framework.core.TestSuite.execute$suspendImpl(TestSuite.kt:239)
	at de.infix.testBalloon.framework.core.TestSuite.execute$testBalloon_framework_core(TestSuite.kt)
	at de.infix.testBalloon.framework.core.TestSuite$execute$2$1$1.invokeSuspend(TestSuite.kt:253)
	at de.infix.testBalloon.framework.core.TestSuite$execute$2$1$1.invoke(TestSuite.kt)
	at de.infix.testBalloon.framework.core.TestSuite$execute$2$1$1.invoke(TestSuite.kt)
	at kotlinx.coroutines.intrinsics.UndispatchedKt.startUndspatched(Undispatched.kt:66)
	at kotlinx.coroutines.intrinsics.UndispatchedKt.startUndispatchedOrReturn(Undispatched.kt:43)
	at kotlinx.coroutines.CoroutineScopeKt.coroutineScope(CoroutineScope.kt:286)
	at de.infix.testBalloon.framework.core.TestSuite$execute$2$1.invokeSuspend(TestSuite.kt:249)
	at de.infix.testBalloon.framework.core.TestSuite$execute$2$1.invoke(TestSuite.kt)
	at de.infix.testBalloon.framework.core.TestSuite$execute$2$1.invoke(TestSuite.kt)
	at de.infix.testBalloon.framework.core.TestConfig$executeWrapped$invocationGuardingAction$1.invokeSuspend(TestConfig.kt:117)
	at de.infix.testBalloon.framework.core.TestConfig$executeWrapped$invocationGuardingAction$1.invoke(TestConfig.kt)
	at de.infix.testBalloon.framework.core.TestConfig$executeWrapped$invocationGuardingAction$1.invoke(TestConfig.kt)
	at de.infix.testBalloon.framework.core.TestConfig$executeWrapped$$inlined$wrapIfNotNull$1.invokeSuspend(TestConfig.kt:466)
	at de.infix.testBalloon.framework.core.TestConfig$executeWrapped$$inlined$wrapIfNotNull$1.invoke(TestConfig.kt)
	at de.infix.testBalloon.framework.core.TestConfig$executeWrapped$$inlined$wrapIfNotNull$1.invoke(TestConfig.kt)
	at de.infix.testBalloon.framework.core.TestSuite$suiteLifecycleAction$1.invokeSuspend(TestSuite.kt:301)
	at de.infix.testBalloon.framework.core.TestSuite$suiteLifecycleAction$1.invoke(TestSuite.kt)
	at de.infix.testBalloon.framework.core.TestSuite$suiteLifecycleAction$1.invoke(TestSuite.kt)
	at de.infix.testBalloon.framework.core.TestConfig.executeWrapped$testBalloon_framework_core(TestConfig.kt:683)
	at de.infix.testBalloon.framework.core.TestSuite$execute$2.invokeSuspend(TestSuite.kt:242)
	at de.infix.testBalloon.framework.core.TestSuite$execute$2.invoke(TestSuite.kt)
	at de.infix.testBalloon.framework.core.TestSuite$execute$2.invoke(TestSuite.kt)
	at de.infix.testBalloon.framework.core.TestElement$executeReporting$2.invokeSuspend(TestElement.kt:405)
	at de.infix.testBalloon.framework.core.TestElement$executeReporting$2.invoke(TestElement.kt)
	at de.infix.testBalloon.framework.core.TestElement$executeReporting$2.invoke(TestElement.kt)
	at de.infix.testBalloon.framework.core.TestConfig.withExecutionReportSetup$testBalloon_framework_core(TestConfig.kt:145)
	at de.infix.testBalloon.framework.core.TestElement.executeReporting$testBalloon_framework_core(TestElement.kt:392)
	at de.infix.testBalloon.framework.core.TestSuite.execute$suspendImpl(TestSuite.kt:239)
	at de.infix.testBalloon.framework.core.TestSuite.execute$testBalloon_framework_core(TestSuite.kt)
	at de.infix.testBalloon.framework.core.TestSuite$execute$2$1$1.invokeSuspend(TestSuite.kt:253)
	at de.infix.testBalloon.framework.core.TestSuite$execute$2$1$1.invoke(TestSuite.kt)
	at de.infix.testBalloon.framework.core.TestSuite$execute$2$1$1.invoke(TestSuite.kt)
	at kotlinx.coroutines.intrinsics.UndispatchedKt.startUndspatched(Undispatched.kt:66)
	at kotlinx.coroutines.intrinsics.UndispatchedKt.startUndispatchedOrReturn(Undispatched.kt:43)
	at kotlinx.coroutines.CoroutineScopeKt.coroutineScope(CoroutineScope.kt:286)
	at de.infix.testBalloon.framework.core.TestSuite$execute$2$1.invokeSuspend(TestSuite.kt:249)
	at de.infix.testBalloon.framework.core.TestSuite$execute$2$1.invoke(TestSuite.kt)
	at de.infix.testBalloon.framework.core.TestSuite$execute$2$1.invoke(TestSuite.kt)
	at de.infix.testBalloon.framework.core.TestConfig$executeWrapped$invocationGuardingAction$1.invokeSuspend(TestConfig.kt:117)
	at de.infix.testBalloon.framework.core.TestConfig$executeWrapped$invocationGuardingAction$1.invoke(TestConfig.kt)
	at de.infix.testBalloon.framework.core.TestConfig$executeWrapped$invocationGuardingAction$1.invoke(TestConfig.kt)
	at de.infix.testBalloon.framework.core.TestConfig$executeWrapped$$inlined$wrapIfNotNull$1.invokeSuspend(TestConfig.kt:466)
	at de.infix.testBalloon.framework.core.TestConfig$executeWrapped$$inlined$wrapIfNotNull$1.invoke(TestConfig.kt)
	at de.infix.testBalloon.framework.core.TestConfig$executeWrapped$$inlined$wrapIfNotNull$1.invoke(TestConfig.kt)
	at de.infix.testBalloon.framework.core.TestSuite$suiteLifecycleAction$1.invokeSuspend(TestSuite.kt:301)
	at de.infix.testBalloon.framework.core.TestSuite$suiteLifecycleAction$1.invoke(TestSuite.kt)
	at de.infix.testBalloon.framework.core.TestSuite$suiteLifecycleAction$1.invoke(TestSuite.kt)
	at de.infix.testBalloon.framework.core.TestConfig.executeWrapped$testBalloon_framework_core(TestConfig.kt:683)
	at de.infix.testBalloon.framework.core.TestSuite$execute$2.invokeSuspend(TestSuite.kt:242)
	at de.infix.testBalloon.framework.core.TestSuite$execute$2.invoke(TestSuite.kt)
	at de.infix.testBalloon.framework.core.TestSuite$execute$2.invoke(TestSuite.kt)
	at de.infix.testBalloon.framework.core.TestElement$executeReporting$2.invokeSuspend(TestElement.kt:405)
	at de.infix.testBalloon.framework.core.TestElement$executeReporting$2.invoke(TestElement.kt)
	at de.infix.testBalloon.framework.core.TestElement$executeReporting$2.invoke(TestElement.kt)
	at de.infix.testBalloon.framework.core.TestConfig.withExecutionReportSetup$testBalloon_framework_core(TestConfig.kt:145)
	at de.infix.testBalloon.framework.core.TestElement.executeReporting$testBalloon_framework_core(TestElement.kt:392)
	at de.infix.testBalloon.framework.core.TestSuite.execute$suspendImpl(TestSuite.kt:239)
	at de.infix.testBalloon.framework.core.TestSuite.execute$testBalloon_framework_core(TestSuite.kt)
	at de.infix.testBalloon.framework.core.TestSuite$execute$2$1$1.invokeSuspend(TestSuite.kt:253)
	at de.infix.testBalloon.framework.core.TestSuite$execute$2$1$1.invoke(TestSuite.kt)
	at de.infix.testBalloon.framework.core.TestSuite$execute$2$1$1.invoke(TestSuite.kt)
	at kotlinx.coroutines.intrinsics.UndispatchedKt.startUndspatched(Undispatched.kt:66)
	at kotlinx.coroutines.intrinsics.UndispatchedKt.startUndispatchedOrReturn(Undispatched.kt:43)
	at kotlinx.coroutines.CoroutineScopeKt.coroutineScope(CoroutineScope.kt:286)
	at de.infix.testBalloon.framework.core.TestSuite$execute$2$1.invokeSuspend(TestSuite.kt:249)
	at de.infix.testBalloon.framework.core.TestSuite$execute$2$1.invoke(TestSuite.kt)
	at de.infix.testBalloon.framework.core.TestSuite$execute$2$1.invoke(TestSuite.kt)
	at de.infix.testBalloon.framework.core.TestConfig$executeWrapped$invocationGuardingAction$1.invokeSuspend(TestConfig.kt:117)
	at de.infix.testBalloon.framework.core.TestConfig$executeWrapped$invocationGuardingAction$1.invoke(TestConfig.kt)
	at de.infix.testBalloon.framework.core.TestConfig$executeWrapped$invocationGuardingAction$1.invoke(TestConfig.kt)
	at de.infix.testBalloon.framework.core.TestConfig$executeWrapped$$inlined$wrapIfNotNull$1.invokeSuspend(TestConfig.kt:466)
	at de.infix.testBalloon.framework.core.TestConfig$executeWrapped$$inlined$wrapIfNotNull$1.invoke(TestConfig.kt)
	at de.infix.testBalloon.framework.core.TestConfig$executeWrapped$$inlined$wrapIfNotNull$1.invoke(TestConfig.kt)
	at de.infix.testBalloon.framework.core.TestSuite$suiteLifecycleAction$1.invokeSuspend(TestSuite.kt:301)
	at de.infix.testBalloon.framework.core.TestSuite$suiteLifecycleAction$1.invoke(TestSuite.kt)
	at de.infix.testBalloon.framework.core.TestSuite$suiteLifecycleAction$1.invoke(TestSuite.kt)
	at de.infix.testBalloon.framework.core.TestConfig$executionWrapping$1$1.invokeSuspend(TestConfig.kt:68)
	at de.infix.testBalloon.framework.core.TestConfig$executionWrapping$1$1.invoke(TestConfig.kt)
	at de.infix.testBalloon.framework.core.TestConfig$executionWrapping$1$1.invoke(TestConfig.kt)
	at de.infix.testBalloon.framework.core.TestConfigKt$testScope$1$2.invokeSuspend(TestConfig.kt:578)
	at de.infix.testBalloon.framework.core.TestConfigKt$testScope$1$2.invoke(TestConfig.kt)
	at de.infix.testBalloon.framework.core.TestConfigKt$testScope$1$2.invoke(TestConfig.kt)
	at kotlinx.coroutines.intrinsics.UndispatchedKt.startUndspatched(Undispatched.kt:66)
	at kotlinx.coroutines.intrinsics.UndispatchedKt.startUndispatchedOrReturn(Undispatched.kt:43)
	at kotlinx.coroutines.BuildersKt__Builders_commonKt.withContext(Builders.common.kt:165)
	at kotlinx.coroutines.BuildersKt.withContext(Unknown Source)
	at de.infix.testBalloon.framework.core.TestConfigKt$testScope$1.invokeSuspend(TestConfig.kt:577)
	at de.infix.testBalloon.framework.core.TestConfigKt$testScope$1.invoke(TestConfig.kt)
	at de.infix.testBalloon.framework.core.TestConfigKt$testScope$1.invoke(TestConfig.kt)
	at de.infix.testBalloon.framework.core.TestConfig$executionWrapping$1$1.invokeSuspend(TestConfig.kt:68)
	at de.infix.testBalloon.framework.core.TestConfig$executionWrapping$1$1.invoke(TestConfig.kt)
	at de.infix.testBalloon.framework.core.TestConfig$executionWrapping$1$1.invoke(TestConfig.kt)
	at de.infix.testBalloon.framework.core.TestConfigKt$coroutineContext$1$1.invokeSuspend(TestConfig.kt:274)
	at de.infix.testBalloon.framework.core.TestConfigKt$coroutineContext$1$1.invoke(TestConfig.kt)
	at de.infix.testBalloon.framework.core.TestConfigKt$coroutineContext$1$1.invoke(TestConfig.kt)
	at kotlinx.coroutines.intrinsics.UndispatchedKt.startUndspatched(Undispatched.kt:66)
	at kotlinx.coroutines.intrinsics.UndispatchedKt.startUndispatchedOrReturn(Undispatched.kt:43)
	at kotlinx.coroutines.BuildersKt__Builders_commonKt.withContext(Builders.common.kt:165)
	at kotlinx.coroutines.BuildersKt.withContext(Unknown Source)
	at de.infix.testBalloon.framework.core.TestConfigKt$coroutineContext$1.invokeSuspend(TestConfig.kt:273)
	at de.infix.testBalloon.framework.core.TestConfigKt$coroutineContext$1.invoke(TestConfig.kt)
	at de.infix.testBalloon.framework.core.TestConfigKt$coroutineContext$1.invoke(TestConfig.kt)
	at de.infix.testBalloon.framework.core.TestConfig$executionWrapping$1$1.invokeSuspend(TestConfig.kt:68)
	at de.infix.testBalloon.framework.core.TestConfig$executionWrapping$1$1.invoke(TestConfig.kt)
	at de.infix.testBalloon.framework.core.TestConfig$executionWrapping$1$1.invoke(TestConfig.kt)
	at de.infix.testBalloon.framework.core.TestConfigKt$coroutineContext$1$1.invokeSuspend(TestConfig.kt:274)
	at de.infix.testBalloon.framework.core.TestConfigKt$coroutineContext$1$1.invoke(TestConfig.kt)
	at de.infix.testBalloon.framework.core.TestConfigKt$coroutineContext$1$1.invoke(TestConfig.kt)
	at kotlinx.coroutines.intrinsics.UndispatchedKt.startUndspatched(Undispatched.kt:66)
	at kotlinx.coroutines.intrinsics.UndispatchedKt.startUndispatchedOrReturn(Undispatched.kt:43)
	at kotlinx.coroutines.BuildersKt__Builders_commonKt.withContext(Builders.common.kt:165)
	at kotlinx.coroutines.BuildersKt.withContext(Unknown Source)
[...]
	at kotlinx.coroutines.DispatchedTask.run(DispatchedTask.kt:100)
	at kotlinx.coroutines.scheduling.CoroutineScheduler.runSafely(CoroutineScheduler.kt:586)
	at kotlinx.coroutines.scheduling.CoroutineScheduler$Worker.executeTask(CoroutineScheduler.kt:829)
	at kotlinx.coroutines.scheduling.CoroutineScheduler$Worker.runWorker(CoroutineScheduler.kt:717)
	at kotlinx.coroutines.scheduling.CoroutineScheduler$Worker.run(CoroutineScheduler.kt:704)
java.lang.UnsatisfiedLinkError: /tmp/pdfmp_libs6643643330665547363/libpdfmp.so: libcrypt.so.1: cannot open shared object file: No such file or directory
	at java.base/jdk.internal.loader.NativeLibraries.load(Native Method)
	at java.base/jdk.internal.loader.NativeLibraries$NativeLibraryImpl.open(NativeLibraries.java:331)
	at java.base/jdk.internal.loader.NativeLibraries.loadLibrary(NativeLibraries.java:197)
	at java.base/jdk.internal.loader.NativeLibraries.loadLibrary(NativeLibraries.java:139)
	at java.base/java.lang.ClassLoader.loadLibrary(ClassLoader.java:2418)
	at java.base/java.lang.Runtime.load0(Runtime.java:852)
	at java.base/java.lang.System.load(System.java:2025)
	at com.dshatz.pdfmp.InitLib.loadLibraryFromJar(InitLib.jvm.kt:41)
	at com.dshatz.pdfmp.InitLib.init(InitLib.jvm.kt:15)
	at com.dshatz.pdfmp.RendererTestKt$rendererTests$2$1.invokeSuspend(RendererTest.kt:16)
	at com.dshatz.pdfmp.RendererTestKt$rendererTests$2$1.invoke(RendererTest.kt)
	at com.dshatz.pdfmp.RendererTestKt$rendererTests$2$1.invoke(RendererTest.kt)
	at de.infix.testBalloon.framework.core.TestFixture.suiteLevelValue(TestFixture.kt:372)
	at de.infix.testBalloon.framework.core.TestFixture.access$suiteLevelValue(TestFixture.kt:52)
	at de.infix.testBalloon.framework.core.TestFixture$asContextForAll$1.invokeSuspend(TestFixture.kt:120)
	at de.infix.testBalloon.framework.core.TestFixture$asContextForAll$1.invoke(TestFixture.kt)
	at de.infix.testBalloon.framework.core.TestFixture$asContextForAll$1.invoke(TestFixture.kt)
	at de.infix.testBalloon.framework.core.TestFixture$Scope$test$1.invokeSuspend(TestFixture.kt:292)
	at de.infix.testBalloon.framework.core.TestFixture$Scope$test$1.invoke(TestFixture.kt)
	at de.infix.testBalloon.framework.core.TestFixture$Scope$test$1.invoke(TestFixture.kt)
	at de.infix.testBalloon.framework.core.Test$executeInTestScope$2.invokeSuspend(Test.kt:106)
	at de.infix.testBalloon.framework.core.Test$executeInTestScope$2.invoke(Test.kt)
	at de.infix.testBalloon.framework.core.Test$executeInTestScope$2.invoke(Test.kt)
	at de.infix.testBalloon.framework.core.internal.TestFramework_jvmKt$runTestAwaitingCompletion$2.invokeSuspend(TestFramework.jvm.kt:34)
	at de.infix.testBalloon.framework.core.internal.TestFramework_jvmKt$runTestAwaitingCompletion$2.invoke(TestFramework.jvm.kt)
	at de.infix.testBalloon.framework.core.internal.TestFramework_jvmKt$runTestAwaitingCompletion$2.invoke(TestFramework.jvm.kt)
	at kotlinx.coroutines.test.TestBuildersKt__TestBuildersKt$runTest$2$1$1.invokeSuspend(TestBuilders.kt:317)
	at kotlin.coroutines.jvm.internal.BaseContinuationImpl.resumeWith(ContinuationImpl.kt:34)
	at kotlinx.coroutines.DispatchedTask.run(DispatchedTask.kt:100)
	at kotlinx.coroutines.test.TestDispatcher.processEvent$kotlinx_coroutines_test(TestDispatcher.kt:24)
	at kotlinx.coroutines.test.TestCoroutineScheduler.tryRunNextTaskUnless$kotlinx_coroutines_test(TestCoroutineScheduler.kt:99)
	at kotlinx.coroutines.test.TestBuildersKt__TestBuildersKt$runTest$2$1$workRunner$1.invokeSuspend(TestBuilders.kt:326)
	at kotlin.coroutines.jvm.internal.BaseContinuationImpl.resumeWith(ContinuationImpl.kt:34)
	at kotlinx.coroutines.DispatchedTask.run(DispatchedTask.kt:100)
	at kotlinx.coroutines.EventLoopImplBase.processNextEvent(EventLoop.common.kt:263)
	at kotlinx.coroutines.BlockingCoroutine.joinBlocking(Builders.kt:94)
	at kotlinx.coroutines.BuildersKt__BuildersKt.runBlocking(Builders.kt:70)
	at kotlinx.coroutines.BuildersKt.runBlocking(Unknown Source)
	at kotlinx.coroutines.BuildersKt__BuildersKt.runBlocking$default(Builders.kt:48)
	at kotlinx.coroutines.BuildersKt.runBlocking$default(Unknown Source)
	at kotlinx.coroutines.test.TestBuildersJvmKt.createTestResult(TestBuildersJvm.kt:10)
	at kotlinx.coroutines.test.TestBuildersKt__TestBuildersKt.runTest-8Mi8wO0(TestBuilders.kt:309)
	at kotlinx.coroutines.test.TestBuildersKt.runTest-8Mi8wO0(Unknown Source)
	at de.infix.testBalloon.framework.core.internal.TestFramework_jvmKt.runTestAwaitingCompletion-dWUq8MI(TestFramework.jvm.kt:34)
	at de.infix.testBalloon.framework.core.Test.executeInTestScope(Test.kt:100)
	at de.infix.testBalloon.framework.core.Test.access$executeInTestScope(Test.kt:24)
	at de.infix.testBalloon.framework.core.Test$execute$2$1.invokeSuspend(Test.kt:83)
	at de.infix.testBalloon.framework.core.Test$execute$2$1.invoke(Test.kt)
	at de.infix.testBalloon.framework.core.Test$execute$2$1.invoke(Test.kt)
	at de.infix.testBalloon.framework.core.TestConfig$executeWrapped$invocationGuardingAction$1.invokeSuspend(TestConfig.kt:117)
	at de.infix.testBalloon.framework.core.TestConfig$executeWrapped$invocationGuardingAction$1.invoke(TestConfig.kt)
	at de.infix.testBalloon.framework.core.TestConfig$executeWrapped$invocationGuardingAction$1.invoke(TestConfig.kt)
	at de.infix.testBalloon.framework.core.TestConfig.executeWrapped$testBalloon_framework_core(TestConfig.kt:687)
	at de.infix.testBalloon.framework.core.Test$execute$2.invokeSuspend(Test.kt:69)
	at de.infix.testBalloon.framework.core.Test$execute$2.invoke(Test.kt)
	at de.infix.testBalloon.framework.core.Test$execute$2.invoke(Test.kt)
	at de.infix.testBalloon.framework.core.TestElement$executeReporting$2.invokeSuspend(TestElement.kt:405)
	at de.infix.testBalloon.framework.core.TestElement$executeReporting$2.invoke(TestElement.kt)
	at de.infix.testBalloon.framework.core.TestElement$executeReporting$2.invoke(TestElement.kt)
	at de.infix.testBalloon.framework.core.TestConfig.withExecutionReportSetup$testBalloon_framework_core(TestConfig.kt:145)
	at de.infix.testBalloon.framework.core.TestElement.executeReporting$testBalloon_framework_core(TestElement.kt:392)
	at de.infix.testBalloon.framework.core.Test.execute$testBalloon_framework_core(Test.kt:66)
	at de.infix.testBalloon.framework.core.TestSuite$execute$2$1$1.invokeSuspend(TestSuite.kt:253)
	at de.infix.testBalloon.framework.core.TestSuite$execute$2$1$1.invoke(TestSuite.kt)
	at de.infix.testBalloon.framework.core.TestSuite$execute$2$1$1.invoke(TestSuite.kt)
	at kotlinx.coroutines.intrinsics.UndispatchedKt.startUndspatched(Undispatched.kt:66)
	at kotlinx.coroutines.intrinsics.UndispatchedKt.startUndispatchedOrReturn(Undispatched.kt:43)
	at kotlinx.coroutines.CoroutineScopeKt.coroutineScope(CoroutineScope.kt:286)
	at de.infix.testBalloon.framework.core.TestSuite$execute$2$1.invokeSuspend(TestSuite.kt:249)
	at de.infix.testBalloon.framework.core.TestSuite$execute$2$1.invoke(TestSuite.kt)
	at de.infix.testBalloon.framework.core.TestSuite$execute$2$1.invoke(TestSuite.kt)
	at de.infix.testBalloon.framework.core.TestConfig$executeWrapped$invocationGuardingAction$1.invokeSuspend(TestConfig.kt:117)
	at de.infix.testBalloon.framework.core.TestConfig$executeWrapped$invocationGuardingAction$1.invoke(TestConfig.kt)
	at de.infix.testBalloon.framework.core.TestConfig$executeWrapped$invocationGuardingAction$1.invoke(TestConfig.kt)
	at de.infix.testBalloon.framework.core.TestConfig$executeWrapped$$inlined$wrapIfNotNull$1.invokeSuspend(TestConfig.kt:466)
	at de.infix.testBalloon.framework.core.TestConfig$executeWrapped$$inlined$wrapIfNotNull$1.invoke(TestConfig.kt)
	at de.infix.testBalloon.framework.core.TestConfig$executeWrapped$$inlined$wrapIfNotNull$1.invoke(TestConfig.kt)
	at de.infix.testBalloon.framework.core.TestSuite$suiteLifecycleAction$1.invokeSuspend(TestSuite.kt:301)
	at de.infix.testBalloon.framework.core.TestSuite$suiteLifecycleAction$1.invoke(TestSuite.kt)
	at de.infix.testBalloon.framework.core.TestSuite$suiteLifecycleAction$1.invoke(TestSuite.kt)
	at de.infix.testBalloon.framework.core.TestConfig.executeWrapped$testBalloon_framework_core(TestConfig.kt:683)
	at de.infix.testBalloon.framework.core.TestSuite$execute$2.invokeSuspend(TestSuite.kt:242)
	at de.infix.testBalloon.framework.core.TestSuite$execute$2.invoke(TestSuite.kt)
	at de.infix.testBalloon.framework.core.TestSuite$execute$2.invoke(TestSuite.kt)
	at de.infix.testBalloon.framework.core.TestElement$executeReporting$2.invokeSuspend(TestElement.kt:405)
	at de.infix.testBalloon.framework.core.TestElement$executeReporting$2.invoke(TestElement.kt)
	at de.infix.testBalloon.framework.core.TestElement$executeReporting$2.invoke(TestElement.kt)
	at de.infix.testBalloon.framework.core.TestConfig.withExecutionReportSetup$testBalloon_framework_core(TestConfig.kt:145)
	at de.infix.testBalloon.framework.core.TestElement.executeReporting$testBalloon_framework_core(TestElement.kt:392)
	at de.infix.testBalloon.framework.core.TestSuite.execute$suspendImpl(TestSuite.kt:239)
	at de.infix.testBalloon.framework.core.TestSuite.execute$testBalloon_framework_core(TestSuite.kt)
	at de.infix.testBalloon.framework.core.TestSuite$execute$2$1$1.invokeSuspend(TestSuite.kt:253)
	at de.infix.testBalloon.framework.core.TestSuite$execute$2$1$1.invoke(TestSuite.kt)
	at de.infix.testBalloon.framework.core.TestSuite$execute$2$1$1.invoke(TestSuite.kt)
	at kotlinx.coroutines.intrinsics.UndispatchedKt.startUndspatched(Undispatched.kt:66)
	at kotlinx.coroutines.intrinsics.UndispatchedKt.startUndispatchedOrReturn(Undispatched.kt:43)
	at kotlinx.coroutines.CoroutineScopeKt.coroutineScope(CoroutineScope.kt:286)
	at de.infix.testBalloon.framework.core.TestSuite$execute$2$1.invokeSuspend(TestSuite.kt:249)
	at de.infix.testBalloon.framework.core.TestSuite$execute$2$1.invoke(TestSuite.kt)
	at de.infix.testBalloon.framework.core.TestSuite$execute$2$1.invoke(TestSuite.kt)
	at de.infix.testBalloon.framework.core.TestConfig$executeWrapped$invocationGuardingAction$1.invokeSuspend(TestConfig.kt:117)
	at de.infix.testBalloon.framework.core.TestConfig$executeWrapped$invocationGuardingAction$1.invoke(TestConfig.kt)
	at de.infix.testBalloon.framework.core.TestConfig$executeWrapped$invocationGuardingAction$1.invoke(TestConfig.kt)
	at de.infix.testBalloon.framework.core.TestConfig$executeWrapped$$inlined$wrapIfNotNull$1.invokeSuspend(TestConfig.kt:466)
	at de.infix.testBalloon.framework.core.TestConfig$executeWrapped$$inlined$wrapIfNotNull$1.invoke(TestConfig.kt)
	at de.infix.testBalloon.framework.core.TestConfig$executeWrapped$$inlined$wrapIfNotNull$1.invoke(TestConfig.kt)
	at de.infix.testBalloon.framework.core.TestSuite$suiteLifecycleAction$1.invokeSuspend(TestSuite.kt:301)
	at de.infix.testBalloon.framework.core.TestSuite$suiteLifecycleAction$1.invoke(TestSuite.kt)
	at de.infix.testBalloon.framework.core.TestSuite$suiteLifecycleAction$1.invoke(TestSuite.kt)
	at de.infix.testBalloon.framework.core.TestConfig.executeWrapped$testBalloon_framework_core(TestConfig.kt:683)
	at de.infix.testBalloon.framework.core.TestSuite$execute$2.invokeSuspend(TestSuite.kt:242)
	at de.infix.testBalloon.framework.core.TestSuite$execute$2.invoke(TestSuite.kt)
	at de.infix.testBalloon.framework.core.TestSuite$execute$2.invoke(TestSuite.kt)
	at de.infix.testBalloon.framework.core.TestElement$executeReporting$2.invokeSuspend(TestElement.kt:405)
	at de.infix.testBalloon.framework.core.TestElement$executeReporting$2.invoke(TestElement.kt)
	at de.infix.testBalloon.framework.core.TestElement$executeReporting$2.invoke(TestElement.kt)
	at de.infix.testBalloon.framework.core.TestConfig.withExecutionReportSetup$testBalloon_framework_core(TestConfig.kt:145)
	at de.infix.testBalloon.framework.core.TestElement.executeReporting$testBalloon_framework_core(TestElement.kt:392)
	at de.infix.testBalloon.framework.core.TestSuite.execute$suspendImpl(TestSuite.kt:239)
	at de.infix.testBalloon.framework.core.TestSuite.execute$testBalloon_framework_core(TestSuite.kt)
	at de.infix.testBalloon.framework.core.TestSuite$execute$2$1$1.invokeSuspend(TestSuite.kt:253)
	at de.infix.testBalloon.framework.core.TestSuite$execute$2$1$1.invoke(TestSuite.kt)
	at de.infix.testBalloon.framework.core.TestSuite$execute$2$1$1.invoke(TestSuite.kt)
	at kotlinx.coroutines.intrinsics.UndispatchedKt.startUndspatched(Undispatched.kt:66)
	at kotlinx.coroutines.intrinsics.UndispatchedKt.startUndispatchedOrReturn(Undispatched.kt:43)
	at kotlinx.coroutines.CoroutineScopeKt.coroutineScope(CoroutineScope.kt:286)
	at de.infix.testBalloon.framework.core.TestSuite$execute$2$1.invokeSuspend(TestSuite.kt:249)
	at de.infix.testBalloon.framework.core.TestSuite$execute$2$1.invoke(TestSuite.kt)
	at de.infix.testBalloon.framework.core.TestSuite$execute$2$1.invoke(TestSuite.kt)
	at de.infix.testBalloon.framework.core.TestConfig$executeWrapped$invocationGuardingAction$1.invokeSuspend(TestConfig.kt:117)
	at de.infix.testBalloon.framework.core.TestConfig$executeWrapped$invocationGuardingAction$1.invoke(TestConfig.kt)
	at de.infix.testBalloon.framework.core.TestConfig$executeWrapped$invocationGuardingAction$1.invoke(TestConfig.kt)
	at de.infix.testBalloon.framework.core.TestConfig$executeWrapped$$inlined$wrapIfNotNull$1.invokeSuspend(TestConfig.kt:466)
	at de.infix.testBalloon.framework.core.TestConfig$executeWrapped$$inlined$wrapIfNotNull$1.invoke(TestConfig.kt)
	at de.infix.testBalloon.framework.core.TestConfig$executeWrapped$$inlined$wrapIfNotNull$1.invoke(TestConfig.kt)
	at de.infix.testBalloon.framework.core.TestSuite$suiteLifecycleAction$1.invokeSuspend(TestSuite.kt:301)
	at de.infix.testBalloon.framework.core.TestSuite$suiteLifecycleAction$1.invoke(TestSuite.kt)
	at de.infix.testBalloon.framework.core.TestSuite$suiteLifecycleAction$1.invoke(TestSuite.kt)
	at de.infix.testBalloon.framework.core.TestConfig$executionWrapping$1$1.invokeSuspend(TestConfig.kt:68)
	at de.infix.testBalloon.framework.core.TestConfig$executionWrapping$1$1.invoke(TestConfig.kt)
	at de.infix.testBalloon.framework.core.TestConfig$executionWrapping$1$1.invoke(TestConfig.kt)
	at de.infix.testBalloon.framework.core.TestConfigKt$testScope$1$2.invokeSuspend(TestConfig.kt:578)
	at de.infix.testBalloon.framework.core.TestConfigKt$testScope$1$2.invoke(TestConfig.kt)
	at de.infix.testBalloon.framework.core.TestConfigKt$testScope$1$2.invoke(TestConfig.kt)
	at kotlinx.coroutines.intrinsics.UndispatchedKt.startUndspatched(Undispatched.kt:66)
	at kotlinx.coroutines.intrinsics.UndispatchedKt.startUndispatchedOrReturn(Undispatched.kt:43)
	at kotlinx.coroutines.BuildersKt__Builders_commonKt.withContext(Builders.common.kt:165)
	at kotlinx.coroutines.BuildersKt.withContext(Unknown Source)
	at de.infix.testBalloon.framework.core.TestConfigKt$testScope$1.invokeSuspend(TestConfig.kt:577)
	at de.infix.testBalloon.framework.core.TestConfigKt$testScope$1.invoke(TestConfig.kt)
	at de.infix.testBalloon.framework.core.TestConfigKt$testScope$1.invoke(TestConfig.kt)
	at de.infix.testBalloon.framework.core.TestConfig$executionWrapping$1$1.invokeSuspend(TestConfig.kt:68)
	at de.infix.testBalloon.framework.core.TestConfig$executionWrapping$1$1.invoke(TestConfig.kt)
	at de.infix.testBalloon.framework.core.TestConfig$executionWrapping$1$1.invoke(TestConfig.kt)
	at de.infix.testBalloon.framework.core.TestConfigKt$coroutineContext$1$1.invokeSuspend(TestConfig.kt:274)
	at de.infix.testBalloon.framework.core.TestConfigKt$coroutineContext$1$1.invoke(TestConfig.kt)
	at de.infix.testBalloon.framework.core.TestConfigKt$coroutineContext$1$1.invoke(TestConfig.kt)
	at kotlinx.coroutines.intrinsics.UndispatchedKt.startUndspatched(Undispatched.kt:66)
	at kotlinx.coroutines.intrinsics.UndispatchedKt.startUndispatchedOrReturn(Undispatched.kt:43)
	at kotlinx.coroutines.BuildersKt__Builders_commonKt.withContext(Builders.common.kt:165)
	at kotlinx.coroutines.BuildersKt.withContext(Unknown Source)
	at de.infix.testBalloon.framework.core.TestConfigKt$coroutineContext$1.invokeSuspend(TestConfig.kt:273)
	at de.infix.testBalloon.framework.core.TestConfigKt$coroutineContext$1.invoke(TestConfig.kt)
	at de.infix.testBalloon.framework.core.TestConfigKt$coroutineContext$1.invoke(TestConfig.kt)
	at de.infix.testBalloon.framework.core.TestConfig$executionWrapping$1$1.invokeSuspend(TestConfig.kt:68)
	at de.infix.testBalloon.framework.core.TestConfig$executionWrapping$1$1.invoke(TestConfig.kt)
	at de.infix.testBalloon.framework.core.TestConfig$executionWrapping$1$1.invoke(TestConfig.kt)
	at de.infix.testBalloon.framework.core.TestConfigKt$coroutineContext$1$1.invokeSuspend(TestConfig.kt:274)
	at de.infix.testBalloon.framework.core.TestConfigKt$coroutineContext$1$1.invoke(TestConfig.kt)
	at de.infix.testBalloon.framework.core.TestConfigKt$coroutineContext$1$1.invoke(TestConfig.kt)
	at kotlinx.coroutines.intrinsics.UndispatchedKt.startUndspatched(Undispatched.kt:66)
	at kotlinx.coroutines.intrinsics.UndispatchedKt.startUndispatchedOrReturn(Undispatched.kt:43)
	at kotlinx.coroutines.BuildersKt__Builders_commonKt.withContext(Builders.common.kt:165)
	at kotlinx.coroutines.BuildersKt.withContext(Unknown Source)
	at de.infix.testBalloon.framework.core.TestConfigKt$coroutineContext$1.invokeSuspend(TestConfig.kt:273)
	at de.infix.testBalloon.framework.core.TestConfigKt$coroutineContext$1.invoke(TestConfig.kt)
	at de.infix.testBalloon.framework.core.TestConfigKt$coroutineContext$1.invoke(TestConfig.kt)
	at de.infix.testBalloon.framework.core.TestConfig$executionWrapping$1.invokeSuspend(TestConfig.kt:67)
	at de.infix.testBalloon.framework.core.TestConfig$executionWrapping$1.invoke(TestConfig.kt)
	at de.infix.testBalloon.framework.core.TestConfig$executionWrapping$1.invoke(TestConfig.kt)
	at de.infix.testBalloon.framework.core.TestConfig$executionWrapping$1.invokeSuspend(TestConfig.kt:67)
	at de.infix.testBalloon.framework.core.TestConfig$executionWrapping$1.invoke(TestConfig.kt)
	at de.infix.testBalloon.framework.core.TestConfig$executionWrapping$1.invoke(TestConfig.kt)
	at de.infix.testBalloon.framework.core.TestConfig$executionWrapping$1.invokeSuspend(TestConfig.kt:67)
	at de.infix.testBalloon.framework.core.TestConfig$executionWrapping$1.invoke(TestConfig.kt)
	at de.infix.testBalloon.framework.core.TestConfig$executionWrapping$1.invoke(TestConfig.kt)
	at de.infix.testBalloon.framework.core.TestConfig.executeWrapped$testBalloon_framework_core(TestConfig.kt:683)
	at de.infix.testBalloon.framework.core.TestSuite$execute$2.invokeSuspend(TestSuite.kt:242)
	at de.infix.testBalloon.framework.core.TestSuite$execute$2.invoke(TestSuite.kt)
	at de.infix.testBalloon.framework.core.TestSuite$execute$2.invoke(TestSuite.kt)
	at de.infix.testBalloon.framework.core.TestElement$executeReporting$2.invokeSuspend(TestElement.kt:405)
	at de.infix.testBalloon.framework.core.TestElement$executeReporting$2.invoke(TestElement.kt)
	at de.infix.testBalloon.framework.core.TestElement$executeReporting$2.invoke(TestElement.kt)
	at de.infix.testBalloon.framework.core.TestConfig.withExecutionReportSetup$testBalloon_framework_core(TestConfig.kt:145)
	at de.infix.testBalloon.framework.core.TestElement.executeReporting$testBalloon_framework_core(TestElement.kt:392)
	at de.infix.testBalloon.framework.core.TestSuite.execute$suspendImpl(TestSuite.kt:239)
	at de.infix.testBalloon.framework.core.TestSuite.execute$testBalloon_framework_core(TestSuite.kt)
	at de.infix.testBalloon.framework.core.internal.integration.TestBalloonJUnitPlatformTestEngine$execute$1.invokeSuspend(TestBalloonJUnitPlatformTestEngine.kt:170)
	at kotlin.coroutines.jvm.internal.BaseContinuationImpl.resumeWith(ContinuationImpl.kt:34)
	at kotlinx.coroutines.DispatchedTask.run(DispatchedTask.kt:100)
	at kotlinx.coroutines.scheduling.CoroutineScheduler.runSafely(CoroutineScheduler.kt:586)
	at kotlinx.coroutines.scheduling.CoroutineScheduler$Worker.executeTask(CoroutineScheduler.kt:829)
	at kotlinx.coroutines.scheduling.CoroutineScheduler$Worker.runWorker(CoroutineScheduler.kt:717)
	at kotlinx.coroutines.scheduling.CoroutineScheduler$Worker.run(CoroutineScheduler.kt:704)
]]></system-err>
</testsuite>
